ARM GAS  C:\Users\13740\AppData\Local\Temp\cc469Tvx.s 			page 1


   1              		.syntax unified
   2              		.cpu cortex-m0
   3              		.fpu softvfp
   4              		.eabi_attribute 20, 1
   5              		.eabi_attribute 21, 1
   6              		.eabi_attribute 23, 3
   7              		.eabi_attribute 24, 1
   8              		.eabi_attribute 25, 1
   9              		.eabi_attribute 26, 1
  10              		.eabi_attribute 30, 6
  11              		.eabi_attribute 34, 0
  12              		.eabi_attribute 18, 4
  13              		.thumb
  14              		.syntax unified
  15              		.file	"cyfitter_cfg.c"
  16              		.text
  17              	.Ltext0:
  18              		.cfi_sections	.debug_frame
  19              		.section	.text.CYMEMZERO,"ax",%progbits
  20              		.align	2
  21              		.code	16
  22              		.thumb_func
  23              		.type	CYMEMZERO, %function
  24              	CYMEMZERO:
  25              	.LFB2:
  26              		.file 1 "Generated_Source\\PSoC4\\cyfitter_cfg.c"
   1:Generated_Source\PSoC4/cyfitter_cfg.c **** 
   2:Generated_Source\PSoC4/cyfitter_cfg.c **** /*******************************************************************************
   3:Generated_Source\PSoC4/cyfitter_cfg.c **** * File Name: cyfitter_cfg.c
   4:Generated_Source\PSoC4/cyfitter_cfg.c **** * 
   5:Generated_Source\PSoC4/cyfitter_cfg.c **** * PSoC Creator  4.4
   6:Generated_Source\PSoC4/cyfitter_cfg.c **** *
   7:Generated_Source\PSoC4/cyfitter_cfg.c **** * Description:
   8:Generated_Source\PSoC4/cyfitter_cfg.c **** * This file contains device initialization code.
   9:Generated_Source\PSoC4/cyfitter_cfg.c **** * Except for the user defined sections in CyClockStartupError(), this file should not be modified.
  10:Generated_Source\PSoC4/cyfitter_cfg.c **** * This file is automatically generated by PSoC Creator.
  11:Generated_Source\PSoC4/cyfitter_cfg.c **** *
  12:Generated_Source\PSoC4/cyfitter_cfg.c **** ********************************************************************************
  13:Generated_Source\PSoC4/cyfitter_cfg.c **** * Copyright (c) 2007-2020 Cypress Semiconductor.  All rights reserved.
  14:Generated_Source\PSoC4/cyfitter_cfg.c **** * You may use this file only in accordance with the license, terms, conditions, 
  15:Generated_Source\PSoC4/cyfitter_cfg.c **** * disclaimers, and limitations in the end user license agreement accompanying 
  16:Generated_Source\PSoC4/cyfitter_cfg.c **** * the software package with which this file was provided.
  17:Generated_Source\PSoC4/cyfitter_cfg.c **** ********************************************************************************/
  18:Generated_Source\PSoC4/cyfitter_cfg.c **** 
  19:Generated_Source\PSoC4/cyfitter_cfg.c **** #include <string.h>
  20:Generated_Source\PSoC4/cyfitter_cfg.c **** #include "cytypes.h"
  21:Generated_Source\PSoC4/cyfitter_cfg.c **** #include "cydevice_trm.h"
  22:Generated_Source\PSoC4/cyfitter_cfg.c **** #include "cyfitter.h"
  23:Generated_Source\PSoC4/cyfitter_cfg.c **** #include "CyLib.h"
  24:Generated_Source\PSoC4/cyfitter_cfg.c **** #include "CyLFClk.h"
  25:Generated_Source\PSoC4/cyfitter_cfg.c **** #include "cyfitter_cfg.h"
  26:Generated_Source\PSoC4/cyfitter_cfg.c **** #include "cyapicallbacks.h"
  27:Generated_Source\PSoC4/cyfitter_cfg.c **** 
  28:Generated_Source\PSoC4/cyfitter_cfg.c **** 
  29:Generated_Source\PSoC4/cyfitter_cfg.c **** #if defined(__GNUC__) || defined(__ARMCC_VERSION)
  30:Generated_Source\PSoC4/cyfitter_cfg.c ****     #define CYPACKED 
  31:Generated_Source\PSoC4/cyfitter_cfg.c ****     #define CYPACKED_ATTR __attribute__ ((packed))
ARM GAS  C:\Users\13740\AppData\Local\Temp\cc469Tvx.s 			page 2


  32:Generated_Source\PSoC4/cyfitter_cfg.c ****     #define CYALIGNED __attribute__ ((aligned))
  33:Generated_Source\PSoC4/cyfitter_cfg.c ****     #define CY_CFG_UNUSED __attribute__ ((unused))
  34:Generated_Source\PSoC4/cyfitter_cfg.c ****     #ifndef CY_CFG_SECTION
  35:Generated_Source\PSoC4/cyfitter_cfg.c ****         #define CY_CFG_SECTION __attribute__ ((section(".psocinit")))
  36:Generated_Source\PSoC4/cyfitter_cfg.c ****     #endif
  37:Generated_Source\PSoC4/cyfitter_cfg.c ****     
  38:Generated_Source\PSoC4/cyfitter_cfg.c ****     #if defined(__ARMCC_VERSION)
  39:Generated_Source\PSoC4/cyfitter_cfg.c ****         #define CY_CFG_MEMORY_BARRIER() __memory_changed()
  40:Generated_Source\PSoC4/cyfitter_cfg.c ****     #else
  41:Generated_Source\PSoC4/cyfitter_cfg.c ****         #define CY_CFG_MEMORY_BARRIER() __sync_synchronize()
  42:Generated_Source\PSoC4/cyfitter_cfg.c ****     #endif
  43:Generated_Source\PSoC4/cyfitter_cfg.c ****     
  44:Generated_Source\PSoC4/cyfitter_cfg.c **** #elif defined(__ICCARM__)
  45:Generated_Source\PSoC4/cyfitter_cfg.c ****     #include <intrinsics.h>
  46:Generated_Source\PSoC4/cyfitter_cfg.c **** 
  47:Generated_Source\PSoC4/cyfitter_cfg.c ****     #define CYPACKED __packed
  48:Generated_Source\PSoC4/cyfitter_cfg.c ****     #define CYPACKED_ATTR 
  49:Generated_Source\PSoC4/cyfitter_cfg.c ****     #define CYALIGNED _Pragma("data_alignment=4")
  50:Generated_Source\PSoC4/cyfitter_cfg.c ****     #define CY_CFG_UNUSED _Pragma("diag_suppress=Pe177")
  51:Generated_Source\PSoC4/cyfitter_cfg.c ****     #define CY_CFG_SECTION _Pragma("location=\".psocinit\"")
  52:Generated_Source\PSoC4/cyfitter_cfg.c ****     
  53:Generated_Source\PSoC4/cyfitter_cfg.c ****     #define CY_CFG_MEMORY_BARRIER() __DMB()
  54:Generated_Source\PSoC4/cyfitter_cfg.c ****     
  55:Generated_Source\PSoC4/cyfitter_cfg.c **** #else
  56:Generated_Source\PSoC4/cyfitter_cfg.c ****     #error Unsupported toolchain
  57:Generated_Source\PSoC4/cyfitter_cfg.c **** #endif
  58:Generated_Source\PSoC4/cyfitter_cfg.c **** 
  59:Generated_Source\PSoC4/cyfitter_cfg.c **** #ifndef CYCODE
  60:Generated_Source\PSoC4/cyfitter_cfg.c ****     #define CYCODE
  61:Generated_Source\PSoC4/cyfitter_cfg.c **** #endif
  62:Generated_Source\PSoC4/cyfitter_cfg.c **** #ifndef CYDATA
  63:Generated_Source\PSoC4/cyfitter_cfg.c ****     #define CYDATA
  64:Generated_Source\PSoC4/cyfitter_cfg.c **** #endif
  65:Generated_Source\PSoC4/cyfitter_cfg.c **** #ifndef CYFAR
  66:Generated_Source\PSoC4/cyfitter_cfg.c ****     #define CYFAR
  67:Generated_Source\PSoC4/cyfitter_cfg.c **** #endif
  68:Generated_Source\PSoC4/cyfitter_cfg.c **** #ifndef CYXDATA
  69:Generated_Source\PSoC4/cyfitter_cfg.c ****     #define CYXDATA
  70:Generated_Source\PSoC4/cyfitter_cfg.c **** #endif
  71:Generated_Source\PSoC4/cyfitter_cfg.c **** 
  72:Generated_Source\PSoC4/cyfitter_cfg.c **** 
  73:Generated_Source\PSoC4/cyfitter_cfg.c **** CY_CFG_UNUSED
  74:Generated_Source\PSoC4/cyfitter_cfg.c **** static void CYMEMZERO(void *s, size_t n);
  75:Generated_Source\PSoC4/cyfitter_cfg.c **** CY_CFG_UNUSED
  76:Generated_Source\PSoC4/cyfitter_cfg.c **** static void CYMEMZERO(void *s, size_t n)
  77:Generated_Source\PSoC4/cyfitter_cfg.c **** {
  27              		.loc 1 77 0
  28              		.cfi_startproc
  29              		@ args = 0, pretend = 0, frame = 8
  30              		@ frame_needed = 1, uses_anonymous_args = 0
  31 0000 80B5     		push	{r7, lr}
  32              		.cfi_def_cfa_offset 8
  33              		.cfi_offset 7, -8
  34              		.cfi_offset 14, -4
  35 0002 82B0     		sub	sp, sp, #8
  36              		.cfi_def_cfa_offset 16
  37 0004 00AF     		add	r7, sp, #0
ARM GAS  C:\Users\13740\AppData\Local\Temp\cc469Tvx.s 			page 3


  38              		.cfi_def_cfa_register 7
  39 0006 7860     		str	r0, [r7, #4]
  40 0008 3960     		str	r1, [r7]
  78:Generated_Source\PSoC4/cyfitter_cfg.c **** 	(void)memset(s, 0, n);
  41              		.loc 1 78 0
  42 000a 3A68     		ldr	r2, [r7]
  43 000c 7B68     		ldr	r3, [r7, #4]
  44 000e 0021     		movs	r1, #0
  45 0010 1800     		movs	r0, r3
  46 0012 FFF7FEFF 		bl	memset
  79:Generated_Source\PSoC4/cyfitter_cfg.c **** }
  47              		.loc 1 79 0
  48 0016 C046     		nop
  49 0018 BD46     		mov	sp, r7
  50 001a 02B0     		add	sp, sp, #8
  51              		@ sp needed
  52 001c 80BD     		pop	{r7, pc}
  53              		.cfi_endproc
  54              	.LFE2:
  55              		.size	CYMEMZERO, .-CYMEMZERO
  56 001e C046     		.section	.text.CYCONFIGCPY,"ax",%progbits
  57              		.align	2
  58              		.code	16
  59              		.thumb_func
  60              		.type	CYCONFIGCPY, %function
  61              	CYCONFIGCPY:
  62              	.LFB3:
  80:Generated_Source\PSoC4/cyfitter_cfg.c **** CY_CFG_UNUSED
  81:Generated_Source\PSoC4/cyfitter_cfg.c **** static void CYCONFIGCPY(void *dest, const void *src, size_t n);
  82:Generated_Source\PSoC4/cyfitter_cfg.c **** CY_CFG_UNUSED
  83:Generated_Source\PSoC4/cyfitter_cfg.c **** static void CYCONFIGCPY(void *dest, const void *src, size_t n)
  84:Generated_Source\PSoC4/cyfitter_cfg.c **** {
  63              		.loc 1 84 0
  64              		.cfi_startproc
  65              		@ args = 0, pretend = 0, frame = 16
  66              		@ frame_needed = 1, uses_anonymous_args = 0
  67 0000 80B5     		push	{r7, lr}
  68              		.cfi_def_cfa_offset 8
  69              		.cfi_offset 7, -8
  70              		.cfi_offset 14, -4
  71 0002 84B0     		sub	sp, sp, #16
  72              		.cfi_def_cfa_offset 24
  73 0004 00AF     		add	r7, sp, #0
  74              		.cfi_def_cfa_register 7
  75 0006 F860     		str	r0, [r7, #12]
  76 0008 B960     		str	r1, [r7, #8]
  77 000a 7A60     		str	r2, [r7, #4]
  85:Generated_Source\PSoC4/cyfitter_cfg.c **** 	(void)memcpy(dest, src, n);
  78              		.loc 1 85 0
  79 000c 7A68     		ldr	r2, [r7, #4]
  80 000e B968     		ldr	r1, [r7, #8]
  81 0010 FB68     		ldr	r3, [r7, #12]
  82 0012 1800     		movs	r0, r3
  83 0014 FFF7FEFF 		bl	memcpy
  86:Generated_Source\PSoC4/cyfitter_cfg.c **** }
  84              		.loc 1 86 0
  85 0018 C046     		nop
ARM GAS  C:\Users\13740\AppData\Local\Temp\cc469Tvx.s 			page 4


  86 001a BD46     		mov	sp, r7
  87 001c 04B0     		add	sp, sp, #16
  88              		@ sp needed
  89 001e 80BD     		pop	{r7, pc}
  90              		.cfi_endproc
  91              	.LFE3:
  92              		.size	CYCONFIGCPY, .-CYCONFIGCPY
  93              		.section	.text.CYCONFIGCPYCODE,"ax",%progbits
  94              		.align	2
  95              		.code	16
  96              		.thumb_func
  97              		.type	CYCONFIGCPYCODE, %function
  98              	CYCONFIGCPYCODE:
  99              	.LFB4:
  87:Generated_Source\PSoC4/cyfitter_cfg.c **** CY_CFG_UNUSED
  88:Generated_Source\PSoC4/cyfitter_cfg.c **** static void CYCONFIGCPYCODE(void *dest, const void *src, size_t n);
  89:Generated_Source\PSoC4/cyfitter_cfg.c **** CY_CFG_UNUSED
  90:Generated_Source\PSoC4/cyfitter_cfg.c **** static void CYCONFIGCPYCODE(void *dest, const void *src, size_t n)
  91:Generated_Source\PSoC4/cyfitter_cfg.c **** {
 100              		.loc 1 91 0
 101              		.cfi_startproc
 102              		@ args = 0, pretend = 0, frame = 16
 103              		@ frame_needed = 1, uses_anonymous_args = 0
 104 0000 80B5     		push	{r7, lr}
 105              		.cfi_def_cfa_offset 8
 106              		.cfi_offset 7, -8
 107              		.cfi_offset 14, -4
 108 0002 84B0     		sub	sp, sp, #16
 109              		.cfi_def_cfa_offset 24
 110 0004 00AF     		add	r7, sp, #0
 111              		.cfi_def_cfa_register 7
 112 0006 F860     		str	r0, [r7, #12]
 113 0008 B960     		str	r1, [r7, #8]
 114 000a 7A60     		str	r2, [r7, #4]
  92:Generated_Source\PSoC4/cyfitter_cfg.c **** 	(void)memcpy(dest, src, n);
 115              		.loc 1 92 0
 116 000c 7A68     		ldr	r2, [r7, #4]
 117 000e B968     		ldr	r1, [r7, #8]
 118 0010 FB68     		ldr	r3, [r7, #12]
 119 0012 1800     		movs	r0, r3
 120 0014 FFF7FEFF 		bl	memcpy
  93:Generated_Source\PSoC4/cyfitter_cfg.c **** }
 121              		.loc 1 93 0
 122 0018 C046     		nop
 123 001a BD46     		mov	sp, r7
 124 001c 04B0     		add	sp, sp, #16
 125              		@ sp needed
 126 001e 80BD     		pop	{r7, pc}
 127              		.cfi_endproc
 128              	.LFE4:
 129              		.size	CYCONFIGCPYCODE, .-CYCONFIGCPYCODE
 130              		.section	.psocinit,"ax",%progbits
 131              		.align	2
 132              		.code	16
 133              		.thumb_func
 134              		.type	ClockSetup, %function
 135              	ClockSetup:
ARM GAS  C:\Users\13740\AppData\Local\Temp\cc469Tvx.s 			page 5


 136              	.LFB5:
  94:Generated_Source\PSoC4/cyfitter_cfg.c **** 
  95:Generated_Source\PSoC4/cyfitter_cfg.c **** 
  96:Generated_Source\PSoC4/cyfitter_cfg.c **** 
  97:Generated_Source\PSoC4/cyfitter_cfg.c **** 
  98:Generated_Source\PSoC4/cyfitter_cfg.c **** /* Clock startup error codes                                                   */
  99:Generated_Source\PSoC4/cyfitter_cfg.c **** #define CYCLOCKSTART_NO_ERROR    0u
 100:Generated_Source\PSoC4/cyfitter_cfg.c **** #define CYCLOCKSTART_XTAL_ERROR  1u
 101:Generated_Source\PSoC4/cyfitter_cfg.c **** #define CYCLOCKSTART_32KHZ_ERROR 2u
 102:Generated_Source\PSoC4/cyfitter_cfg.c **** #define CYCLOCKSTART_PLL_ERROR   3u
 103:Generated_Source\PSoC4/cyfitter_cfg.c **** #define CYCLOCKSTART_FLL_ERROR   4u
 104:Generated_Source\PSoC4/cyfitter_cfg.c **** #define CYCLOCKSTART_WCO_ERROR   5u
 105:Generated_Source\PSoC4/cyfitter_cfg.c **** 
 106:Generated_Source\PSoC4/cyfitter_cfg.c **** 
 107:Generated_Source\PSoC4/cyfitter_cfg.c **** #ifdef CY_NEED_CYCLOCKSTARTUPERROR
 108:Generated_Source\PSoC4/cyfitter_cfg.c **** /*******************************************************************************
 109:Generated_Source\PSoC4/cyfitter_cfg.c **** * Function Name: CyClockStartupError
 110:Generated_Source\PSoC4/cyfitter_cfg.c **** ********************************************************************************
 111:Generated_Source\PSoC4/cyfitter_cfg.c **** * Summary:
 112:Generated_Source\PSoC4/cyfitter_cfg.c **** *  If an error is encountered during clock configuration (crystal startup error,
 113:Generated_Source\PSoC4/cyfitter_cfg.c **** *  PLL lock error, etc.), the system will end up here.  Unless reimplemented by
 114:Generated_Source\PSoC4/cyfitter_cfg.c **** *  the customer, this function will stop in an infinite loop.
 115:Generated_Source\PSoC4/cyfitter_cfg.c **** *
 116:Generated_Source\PSoC4/cyfitter_cfg.c **** * Parameters:
 117:Generated_Source\PSoC4/cyfitter_cfg.c **** *   void
 118:Generated_Source\PSoC4/cyfitter_cfg.c **** *
 119:Generated_Source\PSoC4/cyfitter_cfg.c **** * Return:
 120:Generated_Source\PSoC4/cyfitter_cfg.c **** *   void
 121:Generated_Source\PSoC4/cyfitter_cfg.c **** *
 122:Generated_Source\PSoC4/cyfitter_cfg.c **** *******************************************************************************/
 123:Generated_Source\PSoC4/cyfitter_cfg.c **** CY_CFG_UNUSED
 124:Generated_Source\PSoC4/cyfitter_cfg.c **** static void CyClockStartupError(uint8 errorCode);
 125:Generated_Source\PSoC4/cyfitter_cfg.c **** CY_CFG_UNUSED
 126:Generated_Source\PSoC4/cyfitter_cfg.c **** static void CyClockStartupError(uint8 errorCode)
 127:Generated_Source\PSoC4/cyfitter_cfg.c **** {
 128:Generated_Source\PSoC4/cyfitter_cfg.c ****     /* To remove the compiler warning if errorCode not used.                */
 129:Generated_Source\PSoC4/cyfitter_cfg.c ****     errorCode = errorCode;
 130:Generated_Source\PSoC4/cyfitter_cfg.c **** 
 131:Generated_Source\PSoC4/cyfitter_cfg.c ****     /* If we have a clock startup error (bad MHz crystal, PLL lock, etc.),  */
 132:Generated_Source\PSoC4/cyfitter_cfg.c ****     /* we will end up here to allow the customer to implement something to  */
 133:Generated_Source\PSoC4/cyfitter_cfg.c ****     /* deal with the clock condition.                                       */
 134:Generated_Source\PSoC4/cyfitter_cfg.c **** 
 135:Generated_Source\PSoC4/cyfitter_cfg.c **** #ifdef CY_CFG_CLOCK_STARTUP_ERROR_CALLBACK
 136:Generated_Source\PSoC4/cyfitter_cfg.c ****     CY_CFG_Clock_Startup_ErrorCallback();
 137:Generated_Source\PSoC4/cyfitter_cfg.c **** #else
 138:Generated_Source\PSoC4/cyfitter_cfg.c ****     /*  If not using CY_CFG_CLOCK_STARTUP_ERROR_CALLBACK, place your clock startup code here. */
 139:Generated_Source\PSoC4/cyfitter_cfg.c ****     /* `#START CyClockStartupError` */
 140:Generated_Source\PSoC4/cyfitter_cfg.c **** 
 141:Generated_Source\PSoC4/cyfitter_cfg.c **** 
 142:Generated_Source\PSoC4/cyfitter_cfg.c **** 
 143:Generated_Source\PSoC4/cyfitter_cfg.c ****     /* `#END` */
 144:Generated_Source\PSoC4/cyfitter_cfg.c **** 
 145:Generated_Source\PSoC4/cyfitter_cfg.c ****     while(1) {}
 146:Generated_Source\PSoC4/cyfitter_cfg.c **** #endif /* CY_CFG_CLOCK_STARTUP_ERROR_CALLBACK */
 147:Generated_Source\PSoC4/cyfitter_cfg.c **** }
 148:Generated_Source\PSoC4/cyfitter_cfg.c **** #endif
 149:Generated_Source\PSoC4/cyfitter_cfg.c **** 
ARM GAS  C:\Users\13740\AppData\Local\Temp\cc469Tvx.s 			page 6


 150:Generated_Source\PSoC4/cyfitter_cfg.c **** 
 151:Generated_Source\PSoC4/cyfitter_cfg.c **** 
 152:Generated_Source\PSoC4/cyfitter_cfg.c **** /*******************************************************************************
 153:Generated_Source\PSoC4/cyfitter_cfg.c **** * Function Name: ClockSetup
 154:Generated_Source\PSoC4/cyfitter_cfg.c **** ********************************************************************************
 155:Generated_Source\PSoC4/cyfitter_cfg.c **** *
 156:Generated_Source\PSoC4/cyfitter_cfg.c **** * Summary:
 157:Generated_Source\PSoC4/cyfitter_cfg.c **** *   Performs the initialization of all of the clocks in the device based on the
 158:Generated_Source\PSoC4/cyfitter_cfg.c **** *   settings in the Clock tab of the DWR.  This includes enabling the requested
 159:Generated_Source\PSoC4/cyfitter_cfg.c **** *   clocks and setting the necessary dividers to produce the desired frequency. 
 160:Generated_Source\PSoC4/cyfitter_cfg.c **** *
 161:Generated_Source\PSoC4/cyfitter_cfg.c **** * Parameters:
 162:Generated_Source\PSoC4/cyfitter_cfg.c **** *   void
 163:Generated_Source\PSoC4/cyfitter_cfg.c **** *
 164:Generated_Source\PSoC4/cyfitter_cfg.c **** * Return:
 165:Generated_Source\PSoC4/cyfitter_cfg.c **** *   void
 166:Generated_Source\PSoC4/cyfitter_cfg.c **** *
 167:Generated_Source\PSoC4/cyfitter_cfg.c **** *******************************************************************************/
 168:Generated_Source\PSoC4/cyfitter_cfg.c **** static void ClockSetup(void);
 169:Generated_Source\PSoC4/cyfitter_cfg.c **** CY_CFG_SECTION
 170:Generated_Source\PSoC4/cyfitter_cfg.c **** static void ClockSetup(void)
 171:Generated_Source\PSoC4/cyfitter_cfg.c **** {
 137              		.loc 1 171 0
 138              		.cfi_startproc
 139              		@ args = 0, pretend = 0, frame = 0
 140              		@ frame_needed = 1, uses_anonymous_args = 0
 141 0000 80B5     		push	{r7, lr}
 142              		.cfi_def_cfa_offset 8
 143              		.cfi_offset 7, -8
 144              		.cfi_offset 14, -4
 145 0002 00AF     		add	r7, sp, #0
 146              		.cfi_def_cfa_register 7
 172:Generated_Source\PSoC4/cyfitter_cfg.c **** 
 173:Generated_Source\PSoC4/cyfitter_cfg.c **** 	/* Set Flash Cycles based on max possible frequency in case a glitch occurs during ClockSetup(). *
 174:Generated_Source\PSoC4/cyfitter_cfg.c **** 	CY_SET_REG32((void CYXDATA *)(CYREG_CPUSS_FLASH_CTL), (0x0012u));
 147              		.loc 1 174 0
 148 0004 2A4B     		ldr	r3, .L6
 149 0006 1222     		movs	r2, #18
 150 0008 1A60     		str	r2, [r3]
 175:Generated_Source\PSoC4/cyfitter_cfg.c **** 
 176:Generated_Source\PSoC4/cyfitter_cfg.c **** 	/* Start the WCO */
 177:Generated_Source\PSoC4/cyfitter_cfg.c **** 	CySysClkWcoStart();
 151              		.loc 1 177 0
 152 000a FFF7FEFF 		bl	CySysClkWcoStart
 178:Generated_Source\PSoC4/cyfitter_cfg.c **** 	CyDelayCycles(12000000u); /* WCO may take up to 500ms to start */
 153              		.loc 1 178 0
 154 000e 294B     		ldr	r3, .L6+4
 155 0010 1800     		movs	r0, r3
 156 0012 FFF7FEFF 		bl	CyDelayCycles
 179:Generated_Source\PSoC4/cyfitter_cfg.c **** 	(void)CySysClkWcoSetPowerMode(CY_SYS_CLK_WCO_LPM);    /* Switch to the low power mode */
 157              		.loc 1 179 0
 158 0016 0120     		movs	r0, #1
 159 0018 FFF7FEFF 		bl	CySysClkWcoSetPowerMode
 180:Generated_Source\PSoC4/cyfitter_cfg.c **** 
 181:Generated_Source\PSoC4/cyfitter_cfg.c **** 	/* Setup and trim IMO based on desired frequency. */
 182:Generated_Source\PSoC4/cyfitter_cfg.c **** 	CySysClkWriteImoFreq(48u);
 160              		.loc 1 182 0
ARM GAS  C:\Users\13740\AppData\Local\Temp\cc469Tvx.s 			page 7


 161 001c 3020     		movs	r0, #48
 162 001e FFF7FEFF 		bl	CySysClkWriteImoFreq
 183:Generated_Source\PSoC4/cyfitter_cfg.c **** 	/* CYDEV_CLK_ILO_CONFIG Starting address: CYDEV_CLK_ILO_CONFIG */
 184:Generated_Source\PSoC4/cyfitter_cfg.c **** 	CY_SET_REG32((void *)(CYREG_CLK_ILO_CONFIG), 0x80000006u);
 163              		.loc 1 184 0
 164 0022 254B     		ldr	r3, .L6+8
 165 0024 254A     		ldr	r2, .L6+12
 166 0026 1A60     		str	r2, [r3]
 185:Generated_Source\PSoC4/cyfitter_cfg.c **** 
 186:Generated_Source\PSoC4/cyfitter_cfg.c **** 	/* CYDEV_WDT_CONFIG Starting address: CYDEV_WDT_CONFIG */
 187:Generated_Source\PSoC4/cyfitter_cfg.c **** 	CY_SET_REG32((void *)(CYREG_WDT_CONFIG), 0x40000000u);
 167              		.loc 1 187 0
 168 0028 254B     		ldr	r3, .L6+16
 169 002a 8022     		movs	r2, #128
 170 002c D205     		lsls	r2, r2, #23
 171 002e 1A60     		str	r2, [r3]
 188:Generated_Source\PSoC4/cyfitter_cfg.c **** 
 189:Generated_Source\PSoC4/cyfitter_cfg.c **** 
 190:Generated_Source\PSoC4/cyfitter_cfg.c **** 	/* Enable fast start mode for XO */
 191:Generated_Source\PSoC4/cyfitter_cfg.c **** 	CY_SET_REG32((void*)CYREG_BLE_BLERD_BB_XO, CY_GET_REG32((void*)CYREG_BLE_BLERD_BB_XO) | (uint32)0x
 172              		.loc 1 191 0
 173 0030 244B     		ldr	r3, .L6+20
 174 0032 244A     		ldr	r2, .L6+20
 175 0034 1268     		ldr	r2, [r2]
 176 0036 0221     		movs	r1, #2
 177 0038 0A43     		orrs	r2, r1
 178 003a 1A60     		str	r2, [r3]
 192:Generated_Source\PSoC4/cyfitter_cfg.c **** 	CY_SET_REG32((void *)(CYREG_BLE_BLERD_BB_XO_CAPTRIM), 0x00002D6Au);
 179              		.loc 1 192 0
 180 003c 224B     		ldr	r3, .L6+24
 181 003e 234A     		ldr	r2, .L6+28
 182 0040 1A60     		str	r2, [r3]
 193:Generated_Source\PSoC4/cyfitter_cfg.c **** 	/*Set XTAL(ECO) divider*/
 194:Generated_Source\PSoC4/cyfitter_cfg.c **** 	CY_SET_REG32((void *)(CYREG_BLE_BLESS_XTAL_CLK_DIV_CONFIG), 0x00000000u);
 183              		.loc 1 194 0
 184 0042 234B     		ldr	r3, .L6+32
 185 0044 0022     		movs	r2, #0
 186 0046 1A60     		str	r2, [r3]
 195:Generated_Source\PSoC4/cyfitter_cfg.c **** 	/* Disable Crystal Stable Interrupt before enabling ECO */
 196:Generated_Source\PSoC4/cyfitter_cfg.c **** 	CY_SET_REG32((void*)CYREG_BLE_BLESS_LL_DSM_CTRL, CY_GET_REG32((void*)CYREG_BLE_BLESS_LL_DSM_CTRL) 
 187              		.loc 1 196 0
 188 0048 224B     		ldr	r3, .L6+36
 189 004a 224A     		ldr	r2, .L6+36
 190 004c 1268     		ldr	r2, [r2]
 191 004e 0821     		movs	r1, #8
 192 0050 8A43     		bics	r2, r1
 193 0052 1A60     		str	r2, [r3]
 197:Generated_Source\PSoC4/cyfitter_cfg.c **** 	/* Start the ECO and do not check status since it is not needed for HFCLK */
 198:Generated_Source\PSoC4/cyfitter_cfg.c **** 	(void)CySysClkEcoStart(2000u);
 194              		.loc 1 198 0
 195 0054 FA23     		movs	r3, #250
 196 0056 DB00     		lsls	r3, r3, #3
 197 0058 1800     		movs	r0, r3
 198 005a FFF7FEFF 		bl	CySysClkEcoStart
 199:Generated_Source\PSoC4/cyfitter_cfg.c **** 	CyDelayUs(1500u); /* Wait to stabilize */
 199              		.loc 1 199 0
 200 005e 1E4B     		ldr	r3, .L6+40
ARM GAS  C:\Users\13740\AppData\Local\Temp\cc469Tvx.s 			page 8


 201 0060 1800     		movs	r0, r3
 202 0062 FFF7FEFF 		bl	CyDelayUs
 200:Generated_Source\PSoC4/cyfitter_cfg.c **** 
 201:Generated_Source\PSoC4/cyfitter_cfg.c **** 	/* Setup phase aligned clocks */
 202:Generated_Source\PSoC4/cyfitter_cfg.c **** 
 203:Generated_Source\PSoC4/cyfitter_cfg.c **** 	/* CYDEV_CLK_IMO_CONFIG Starting address: CYDEV_CLK_IMO_CONFIG */
 204:Generated_Source\PSoC4/cyfitter_cfg.c **** 	CY_SET_REG32((void *)(CYREG_CLK_IMO_CONFIG), 0x80000000u);
 203              		.loc 1 204 0
 204 0066 1D4B     		ldr	r3, .L6+44
 205 0068 8022     		movs	r2, #128
 206 006a 1206     		lsls	r2, r2, #24
 207 006c 1A60     		str	r2, [r3]
 205:Generated_Source\PSoC4/cyfitter_cfg.c **** 
 206:Generated_Source\PSoC4/cyfitter_cfg.c **** 	/* CYDEV_CLK_SELECT Starting address: CYDEV_CLK_SELECT */
 207:Generated_Source\PSoC4/cyfitter_cfg.c **** 	CY_SET_REG32((void *)(CYREG_CLK_SELECT), 0x00080000u);
 208              		.loc 1 207 0
 209 006e 1C4B     		ldr	r3, .L6+48
 210 0070 8022     		movs	r2, #128
 211 0072 1203     		lsls	r2, r2, #12
 212 0074 1A60     		str	r2, [r3]
 208:Generated_Source\PSoC4/cyfitter_cfg.c **** 
 209:Generated_Source\PSoC4/cyfitter_cfg.c **** 	(void)CyIntSetVector(8u, &CySysWdtIsr);
 213              		.loc 1 209 0
 214 0076 1B4B     		ldr	r3, .L6+52
 215 0078 1900     		movs	r1, r3
 216 007a 0820     		movs	r0, #8
 217 007c FFF7FEFF 		bl	CyIntSetVector
 210:Generated_Source\PSoC4/cyfitter_cfg.c **** 	CyIntEnable(8u);
 218              		.loc 1 210 0
 219 0080 0820     		movs	r0, #8
 220 0082 FFF7FEFF 		bl	CyIntEnable
 211:Generated_Source\PSoC4/cyfitter_cfg.c **** 	CY_SET_REG32((void *)(CYREG_WDT_CONFIG), 0x4E010000u);
 221              		.loc 1 211 0
 222 0086 0E4B     		ldr	r3, .L6+16
 223 0088 174A     		ldr	r2, .L6+56
 224 008a 1A60     		str	r2, [r3]
 212:Generated_Source\PSoC4/cyfitter_cfg.c **** 	CY_SET_REG32((void *)(CYREG_WDT_CONTROL), 0x00080000u);
 225              		.loc 1 212 0
 226 008c 174B     		ldr	r3, .L6+60
 227 008e 8022     		movs	r2, #128
 228 0090 1203     		lsls	r2, r2, #12
 229 0092 1A60     		str	r2, [r3]
 213:Generated_Source\PSoC4/cyfitter_cfg.c **** 	while ((CY_GET_XTND_REG32((void CYFAR *)(CYREG_WDT_CONTROL)) & 0x00080000u) != 0u) { }
 230              		.loc 1 213 0
 231 0094 C046     		nop
 232              	.L5:
 233              		.loc 1 213 0 is_stmt 0 discriminator 1
 234 0096 154B     		ldr	r3, .L6+60
 235 0098 1A68     		ldr	r2, [r3]
 236 009a 8023     		movs	r3, #128
 237 009c 1B03     		lsls	r3, r3, #12
 238 009e 1340     		ands	r3, r2
 239 00a0 F9D1     		bne	.L5
 214:Generated_Source\PSoC4/cyfitter_cfg.c **** 	CY_SET_REG32((void *)(CYREG_WDT_CONTROL), 0x00010000u);
 240              		.loc 1 214 0 is_stmt 1
 241 00a2 124B     		ldr	r3, .L6+60
 242 00a4 8022     		movs	r2, #128
ARM GAS  C:\Users\13740\AppData\Local\Temp\cc469Tvx.s 			page 9


 243 00a6 5202     		lsls	r2, r2, #9
 244 00a8 1A60     		str	r2, [r3]
 215:Generated_Source\PSoC4/cyfitter_cfg.c **** }
 245              		.loc 1 215 0
 246 00aa C046     		nop
 247 00ac BD46     		mov	sp, r7
 248              		@ sp needed
 249 00ae 80BD     		pop	{r7, pc}
 250              	.L7:
 251              		.align	2
 252              	.L6:
 253 00b0 30001040 		.word	1074790448
 254 00b4 001BB700 		.word	12000000
 255 00b8 04010B40 		.word	1074462980
 256 00bc 06000080 		.word	-2147483642
 257 00c0 0C020B40 		.word	1074463244
 258 00c4 78002E40 		.word	1076756600
 259 00c8 7C002E40 		.word	1076756604
 260 00cc 6A2D0000 		.word	11626
 261 00d0 64F02E40 		.word	1076818020
 262 00d4 6CF02E40 		.word	1076818028
 263 00d8 DC050000 		.word	1500
 264 00dc 08010B40 		.word	1074462984
 265 00e0 00010B40 		.word	1074462976
 266 00e4 00000000 		.word	CySysWdtIsr
 267 00e8 0000014E 		.word	1308688384
 268 00ec 10020B40 		.word	1074463248
 269              		.cfi_endproc
 270              	.LFE5:
 271              		.size	ClockSetup, .-ClockSetup
 272              		.section	.text.AnalogSetDefault,"ax",%progbits
 273              		.align	2
 274              		.code	16
 275              		.thumb_func
 276              		.type	AnalogSetDefault, %function
 277              	AnalogSetDefault:
 278              	.LFB6:
 216:Generated_Source\PSoC4/cyfitter_cfg.c **** 
 217:Generated_Source\PSoC4/cyfitter_cfg.c **** 
 218:Generated_Source\PSoC4/cyfitter_cfg.c **** /* Analog API Functions */
 219:Generated_Source\PSoC4/cyfitter_cfg.c **** 
 220:Generated_Source\PSoC4/cyfitter_cfg.c **** 
 221:Generated_Source\PSoC4/cyfitter_cfg.c **** /*******************************************************************************
 222:Generated_Source\PSoC4/cyfitter_cfg.c **** * Function Name: AnalogSetDefault
 223:Generated_Source\PSoC4/cyfitter_cfg.c **** ********************************************************************************
 224:Generated_Source\PSoC4/cyfitter_cfg.c **** *
 225:Generated_Source\PSoC4/cyfitter_cfg.c **** * Summary:
 226:Generated_Source\PSoC4/cyfitter_cfg.c **** *  Sets up the analog portions of the chip to default values based on chip
 227:Generated_Source\PSoC4/cyfitter_cfg.c **** *  configuration options from the project.
 228:Generated_Source\PSoC4/cyfitter_cfg.c **** *
 229:Generated_Source\PSoC4/cyfitter_cfg.c **** * Parameters:
 230:Generated_Source\PSoC4/cyfitter_cfg.c **** *  void
 231:Generated_Source\PSoC4/cyfitter_cfg.c **** *
 232:Generated_Source\PSoC4/cyfitter_cfg.c **** * Return:
 233:Generated_Source\PSoC4/cyfitter_cfg.c **** *  void
 234:Generated_Source\PSoC4/cyfitter_cfg.c **** *
 235:Generated_Source\PSoC4/cyfitter_cfg.c **** *******************************************************************************/
ARM GAS  C:\Users\13740\AppData\Local\Temp\cc469Tvx.s 			page 10


 236:Generated_Source\PSoC4/cyfitter_cfg.c **** static void AnalogSetDefault(void);
 237:Generated_Source\PSoC4/cyfitter_cfg.c **** static void AnalogSetDefault(void)
 238:Generated_Source\PSoC4/cyfitter_cfg.c **** {
 279              		.loc 1 238 0
 280              		.cfi_startproc
 281              		@ args = 0, pretend = 0, frame = 0
 282              		@ frame_needed = 1, uses_anonymous_args = 0
 283 0000 80B5     		push	{r7, lr}
 284              		.cfi_def_cfa_offset 8
 285              		.cfi_offset 7, -8
 286              		.cfi_offset 14, -4
 287 0002 00AF     		add	r7, sp, #0
 288              		.cfi_def_cfa_register 7
 239:Generated_Source\PSoC4/cyfitter_cfg.c **** 	CY_SET_XTND_REG32((void CYFAR *)CYREG_CTBM0_DFT_CTRL, 0x00000003u);
 289              		.loc 1 239 0
 290 0004 054B     		ldr	r3, .L9
 291 0006 0322     		movs	r2, #3
 292 0008 1A60     		str	r2, [r3]
 240:Generated_Source\PSoC4/cyfitter_cfg.c **** 	CY_SET_XTND_REG32((void CYFAR *)CYREG_CTBM1_DFT_CTRL, 0x00000003u);
 293              		.loc 1 240 0
 294 000a 054B     		ldr	r3, .L9+4
 295 000c 0322     		movs	r2, #3
 296 000e 1A60     		str	r2, [r3]
 241:Generated_Source\PSoC4/cyfitter_cfg.c **** 	CY_SET_XTND_REG32((void CYFAR *)CYREG_PASS_DSAB_DSAB_CTRL, 0x00000000u);
 297              		.loc 1 241 0
 298 0010 044B     		ldr	r3, .L9+8
 299 0012 0022     		movs	r2, #0
 300 0014 1A60     		str	r2, [r3]
 242:Generated_Source\PSoC4/cyfitter_cfg.c **** }
 301              		.loc 1 242 0
 302 0016 C046     		nop
 303 0018 BD46     		mov	sp, r7
 304              		@ sp needed
 305 001a 80BD     		pop	{r7, pc}
 306              	.L10:
 307              		.align	2
 308              	.L9:
 309 001c 30003040 		.word	1076887600
 310 0020 30003140 		.word	1076953136
 311 0024 000E3F40 		.word	1077874176
 312              		.cfi_endproc
 313              	.LFE6:
 314              		.size	AnalogSetDefault, .-AnalogSetDefault
 315              		.section	.psocinit
 316              		.align	2
 317              		.global	cyfitter_cfg
 318              		.code	16
 319              		.thumb_func
 320              		.type	cyfitter_cfg, %function
 321              	cyfitter_cfg:
 322              	.LFB7:
 243:Generated_Source\PSoC4/cyfitter_cfg.c **** 
 244:Generated_Source\PSoC4/cyfitter_cfg.c **** 
 245:Generated_Source\PSoC4/cyfitter_cfg.c **** 
 246:Generated_Source\PSoC4/cyfitter_cfg.c **** 
 247:Generated_Source\PSoC4/cyfitter_cfg.c **** /*******************************************************************************
 248:Generated_Source\PSoC4/cyfitter_cfg.c **** * Function Name: cyfitter_cfg
ARM GAS  C:\Users\13740\AppData\Local\Temp\cc469Tvx.s 			page 11


 249:Generated_Source\PSoC4/cyfitter_cfg.c **** ********************************************************************************
 250:Generated_Source\PSoC4/cyfitter_cfg.c **** * Summary:
 251:Generated_Source\PSoC4/cyfitter_cfg.c **** *  This function is called by the start-up code for the selected device. It
 252:Generated_Source\PSoC4/cyfitter_cfg.c **** *  performs all of the necessary device configuration based on the design
 253:Generated_Source\PSoC4/cyfitter_cfg.c **** *  settings.  This includes settings from the Design Wide Resources (DWR) such
 254:Generated_Source\PSoC4/cyfitter_cfg.c **** *  as Clocks and Pins as well as any component configuration that is necessary.
 255:Generated_Source\PSoC4/cyfitter_cfg.c **** *
 256:Generated_Source\PSoC4/cyfitter_cfg.c **** * Parameters:
 257:Generated_Source\PSoC4/cyfitter_cfg.c **** *   void
 258:Generated_Source\PSoC4/cyfitter_cfg.c **** *
 259:Generated_Source\PSoC4/cyfitter_cfg.c **** * Return:
 260:Generated_Source\PSoC4/cyfitter_cfg.c **** *   void
 261:Generated_Source\PSoC4/cyfitter_cfg.c **** *
 262:Generated_Source\PSoC4/cyfitter_cfg.c **** *******************************************************************************/
 263:Generated_Source\PSoC4/cyfitter_cfg.c **** CY_CFG_SECTION
 264:Generated_Source\PSoC4/cyfitter_cfg.c **** void cyfitter_cfg(void)
 265:Generated_Source\PSoC4/cyfitter_cfg.c **** {
 323              		.loc 1 265 0
 324              		.cfi_startproc
 325              		@ args = 0, pretend = 0, frame = 8
 326              		@ frame_needed = 1, uses_anonymous_args = 0
 327 00f0 80B5     		push	{r7, lr}
 328              		.cfi_def_cfa_offset 8
 329              		.cfi_offset 7, -8
 330              		.cfi_offset 14, -4
 331 00f2 82B0     		sub	sp, sp, #8
 332              		.cfi_def_cfa_offset 16
 333 00f4 00AF     		add	r7, sp, #0
 334              		.cfi_def_cfa_register 7
 266:Generated_Source\PSoC4/cyfitter_cfg.c **** 	/* Disable interrupts by default. Let user enable if/when they want. */
 267:Generated_Source\PSoC4/cyfitter_cfg.c **** 	CyGlobalIntDisable;
 335              		.loc 1 267 0
 336              		.syntax divided
 337              	@ 267 "Generated_Source\PSoC4\cyfitter_cfg.c" 1
 338 00f6 72B6     		CPSID   i
 339              	@ 0 "" 2
 268:Generated_Source\PSoC4/cyfitter_cfg.c **** 
 269:Generated_Source\PSoC4/cyfitter_cfg.c **** 	CY_SET_REG32((void *)(CYREG_BLE_BLESS_LL_DSM_CTRL), 0x00000000u);
 340              		.loc 1 269 0
 341              		.thumb
 342              		.syntax unified
 343 00f8 334B     		ldr	r3, .L14
 344 00fa 0022     		movs	r2, #0
 345 00fc 1A60     		str	r2, [r3]
 346              	.LBB2:
 270:Generated_Source\PSoC4/cyfitter_cfg.c **** 
 271:Generated_Source\PSoC4/cyfitter_cfg.c **** 	{
 272:Generated_Source\PSoC4/cyfitter_cfg.c **** 
 273:Generated_Source\PSoC4/cyfitter_cfg.c **** 		CYPACKED typedef struct {
 274:Generated_Source\PSoC4/cyfitter_cfg.c **** 			void CYFAR *address;
 275:Generated_Source\PSoC4/cyfitter_cfg.c **** 			uint16 size;
 276:Generated_Source\PSoC4/cyfitter_cfg.c **** 		} CYPACKED_ATTR cfg_memset_t;
 277:Generated_Source\PSoC4/cyfitter_cfg.c **** 
 278:Generated_Source\PSoC4/cyfitter_cfg.c **** 		static const cfg_memset_t CYCODE cfg_memset_list[] = {
 279:Generated_Source\PSoC4/cyfitter_cfg.c **** 			/* address, size */
 280:Generated_Source\PSoC4/cyfitter_cfg.c **** 			{(void CYFAR *)(CYDEV_UDB_P0_U0_BASE), 1024u},
 281:Generated_Source\PSoC4/cyfitter_cfg.c **** 			{(void CYFAR *)(CYDEV_UDB_DSI0_BASE), 1024u},
ARM GAS  C:\Users\13740\AppData\Local\Temp\cc469Tvx.s 			page 12


 282:Generated_Source\PSoC4/cyfitter_cfg.c **** 		};
 283:Generated_Source\PSoC4/cyfitter_cfg.c **** 
 284:Generated_Source\PSoC4/cyfitter_cfg.c **** 		uint8 CYDATA i;
 285:Generated_Source\PSoC4/cyfitter_cfg.c **** 
 286:Generated_Source\PSoC4/cyfitter_cfg.c **** 		/* Zero out critical memory blocks before beginning configuration */
 287:Generated_Source\PSoC4/cyfitter_cfg.c **** 		for (i = 0u; i < (sizeof(cfg_memset_list)/sizeof(cfg_memset_list[0])); i++)
 347              		.loc 1 287 0
 348 00fe FB1D     		adds	r3, r7, #7
 349 0100 0022     		movs	r2, #0
 350 0102 1A70     		strb	r2, [r3]
 351 0104 22E0     		b	.L12
 352              	.L13:
 353              	.LBB3:
 288:Generated_Source\PSoC4/cyfitter_cfg.c **** 		{
 289:Generated_Source\PSoC4/cyfitter_cfg.c **** 			const cfg_memset_t CYCODE * CYDATA ms = &cfg_memset_list[i];
 354              		.loc 1 289 0 discriminator 3
 355 0106 FB1D     		adds	r3, r7, #7
 356 0108 1A78     		ldrb	r2, [r3]
 357 010a 1300     		movs	r3, r2
 358 010c 5B00     		lsls	r3, r3, #1
 359 010e 9B18     		adds	r3, r3, r2
 360 0110 5B00     		lsls	r3, r3, #1
 361 0112 2E4A     		ldr	r2, .L14+4
 362 0114 9B18     		adds	r3, r3, r2
 363 0116 3B60     		str	r3, [r7]
 290:Generated_Source\PSoC4/cyfitter_cfg.c **** 			CYMEMZERO(ms->address, (size_t)(uint32)(ms->size));
 364              		.loc 1 290 0 discriminator 3
 365 0118 3B68     		ldr	r3, [r7]
 366 011a 1A78     		ldrb	r2, [r3]
 367 011c 5978     		ldrb	r1, [r3, #1]
 368 011e 0902     		lsls	r1, r1, #8
 369 0120 0A43     		orrs	r2, r1
 370 0122 9978     		ldrb	r1, [r3, #2]
 371 0124 0904     		lsls	r1, r1, #16
 372 0126 0A43     		orrs	r2, r1
 373 0128 DB78     		ldrb	r3, [r3, #3]
 374 012a 1B06     		lsls	r3, r3, #24
 375 012c 1343     		orrs	r3, r2
 376 012e 1800     		movs	r0, r3
 377 0130 3B68     		ldr	r3, [r7]
 378 0132 1A79     		ldrb	r2, [r3, #4]
 379 0134 5B79     		ldrb	r3, [r3, #5]
 380 0136 1B02     		lsls	r3, r3, #8
 381 0138 1343     		orrs	r3, r2
 382 013a 9BB2     		uxth	r3, r3
 383 013c 1900     		movs	r1, r3
 384 013e FFF7FEFF 		bl	CYMEMZERO
 385              	.LBE3:
 287:Generated_Source\PSoC4/cyfitter_cfg.c **** 		{
 386              		.loc 1 287 0 discriminator 3
 387 0142 FB1D     		adds	r3, r7, #7
 388 0144 1A78     		ldrb	r2, [r3]
 389 0146 FB1D     		adds	r3, r7, #7
 390 0148 0132     		adds	r2, r2, #1
 391 014a 1A70     		strb	r2, [r3]
 392              	.L12:
 287:Generated_Source\PSoC4/cyfitter_cfg.c **** 		{
ARM GAS  C:\Users\13740\AppData\Local\Temp\cc469Tvx.s 			page 13


 393              		.loc 1 287 0 is_stmt 0 discriminator 1
 394 014c FB1D     		adds	r3, r7, #7
 395 014e 1B78     		ldrb	r3, [r3]
 396 0150 012B     		cmp	r3, #1
 397 0152 D8D9     		bls	.L13
 291:Generated_Source\PSoC4/cyfitter_cfg.c **** 		}
 292:Generated_Source\PSoC4/cyfitter_cfg.c **** 
 293:Generated_Source\PSoC4/cyfitter_cfg.c **** 		/* HSIOM Starting address: CYDEV_HSIOM_BASE */
 294:Generated_Source\PSoC4/cyfitter_cfg.c **** 		CY_SET_REG32((void *)(CYDEV_HSIOM_BASE), 0xEE000000u);
 398              		.loc 1 294 0 is_stmt 1
 399 0154 1E4B     		ldr	r3, .L14+8
 400 0156 EE22     		movs	r2, #238
 401 0158 1206     		lsls	r2, r2, #24
 402 015a 1A60     		str	r2, [r3]
 295:Generated_Source\PSoC4/cyfitter_cfg.c **** 
 296:Generated_Source\PSoC4/cyfitter_cfg.c **** 		/* UDB_PA_0 Starting address: CYDEV_UDB_PA0_BASE */
 297:Generated_Source\PSoC4/cyfitter_cfg.c **** 		CY_SET_REG32((void *)(CYDEV_UDB_PA0_BASE), 0x00990000u);
 403              		.loc 1 297 0
 404 015c 1D4B     		ldr	r3, .L14+12
 405 015e 9922     		movs	r2, #153
 406 0160 1204     		lsls	r2, r2, #16
 407 0162 1A60     		str	r2, [r3]
 298:Generated_Source\PSoC4/cyfitter_cfg.c **** 
 299:Generated_Source\PSoC4/cyfitter_cfg.c **** 		/* UDB_PA_1 Starting address: CYDEV_UDB_PA1_BASE */
 300:Generated_Source\PSoC4/cyfitter_cfg.c **** 		CY_SET_REG32((void *)(CYDEV_UDB_PA1_BASE), 0x00990000u);
 408              		.loc 1 300 0
 409 0164 1C4B     		ldr	r3, .L14+16
 410 0166 9922     		movs	r2, #153
 411 0168 1204     		lsls	r2, r2, #16
 412 016a 1A60     		str	r2, [r3]
 301:Generated_Source\PSoC4/cyfitter_cfg.c **** 
 302:Generated_Source\PSoC4/cyfitter_cfg.c **** 		/* UDB_PA_3 Starting address: CYDEV_UDB_PA3_BASE */
 303:Generated_Source\PSoC4/cyfitter_cfg.c **** 		CY_SET_REG32((void *)(CYDEV_UDB_PA3_BASE), 0x00990000u);
 413              		.loc 1 303 0
 414 016c 1B4B     		ldr	r3, .L14+20
 415 016e 9922     		movs	r2, #153
 416 0170 1204     		lsls	r2, r2, #16
 417 0172 1A60     		str	r2, [r3]
 304:Generated_Source\PSoC4/cyfitter_cfg.c **** 
 305:Generated_Source\PSoC4/cyfitter_cfg.c **** 		/* Enable digital routing */
 306:Generated_Source\PSoC4/cyfitter_cfg.c **** 		CY_SET_XTND_REG8((void *)CYREG_UDB_UDBIF_BANK_CTL, (uint8)(CY_GET_XTND_REG8((void *)CYREG_UDB_UDB
 418              		.loc 1 306 0
 419 0174 1A4A     		ldr	r2, .L14+24
 420 0176 1A4B     		ldr	r3, .L14+24
 421 0178 1B78     		ldrb	r3, [r3]
 422 017a DBB2     		uxtb	r3, r3
 423 017c 0621     		movs	r1, #6
 424 017e 0B43     		orrs	r3, r1
 425 0180 DBB2     		uxtb	r3, r3
 426 0182 1370     		strb	r3, [r2]
 427              	.LBE2:
 307:Generated_Source\PSoC4/cyfitter_cfg.c **** 	}
 308:Generated_Source\PSoC4/cyfitter_cfg.c **** 
 309:Generated_Source\PSoC4/cyfitter_cfg.c **** 	/* Perform second pass device configuration. These items must be configured in specific order afte
 310:Generated_Source\PSoC4/cyfitter_cfg.c **** 	/* IOPINS0_0 Starting address: CYDEV_GPIO_PRT0_BASE */
 311:Generated_Source\PSoC4/cyfitter_cfg.c **** 	CY_SET_REG32((void *)(CYDEV_GPIO_PRT0_BASE), 0x00000020u);
 428              		.loc 1 311 0
ARM GAS  C:\Users\13740\AppData\Local\Temp\cc469Tvx.s 			page 14


 429 0184 174B     		ldr	r3, .L14+28
 430 0186 2022     		movs	r2, #32
 431 0188 1A60     		str	r2, [r3]
 312:Generated_Source\PSoC4/cyfitter_cfg.c **** 	CY_SET_REG32((void *)(CYREG_GPIO_PRT0_PC), 0x00D8E000u);
 432              		.loc 1 312 0
 433 018a 174B     		ldr	r3, .L14+32
 434 018c 174A     		ldr	r2, .L14+36
 435 018e 1A60     		str	r2, [r3]
 313:Generated_Source\PSoC4/cyfitter_cfg.c **** 
 314:Generated_Source\PSoC4/cyfitter_cfg.c **** 	/* IOPINS0_1 Starting address: CYDEV_GPIO_PRT1_BASE */
 315:Generated_Source\PSoC4/cyfitter_cfg.c **** 	CY_SET_REG32((void *)(CYDEV_GPIO_PRT1_BASE), 0x00000010u);
 436              		.loc 1 315 0
 437 0190 174B     		ldr	r3, .L14+40
 438 0192 1022     		movs	r2, #16
 439 0194 1A60     		str	r2, [r3]
 316:Generated_Source\PSoC4/cyfitter_cfg.c **** 	CY_SET_REG32((void *)(CYREG_GPIO_PRT1_PC), 0x00DB2000u);
 440              		.loc 1 316 0
 441 0196 174B     		ldr	r3, .L14+44
 442 0198 174A     		ldr	r2, .L14+48
 443 019a 1A60     		str	r2, [r3]
 317:Generated_Source\PSoC4/cyfitter_cfg.c **** 	CY_SET_REG32((void *)(CYREG_GPIO_PRT1_INTR_CFG), 0x00000200u);
 444              		.loc 1 317 0
 445 019c 174B     		ldr	r3, .L14+52
 446 019e 8022     		movs	r2, #128
 447 01a0 9200     		lsls	r2, r2, #2
 448 01a2 1A60     		str	r2, [r3]
 318:Generated_Source\PSoC4/cyfitter_cfg.c **** 
 319:Generated_Source\PSoC4/cyfitter_cfg.c **** 	/* IOPINS0_3 Starting address: CYDEV_GPIO_PRT3_BASE */
 320:Generated_Source\PSoC4/cyfitter_cfg.c **** 	CY_SET_REG32((void *)(CYREG_GPIO_PRT3_PC), 0x00389000u);
 449              		.loc 1 320 0
 450 01a4 164B     		ldr	r3, .L14+56
 451 01a6 174A     		ldr	r2, .L14+60
 452 01a8 1A60     		str	r2, [r3]
 321:Generated_Source\PSoC4/cyfitter_cfg.c **** 
 322:Generated_Source\PSoC4/cyfitter_cfg.c **** 	/* IOPINS0_4 Starting address: CYDEV_GPIO_PRT4_BASE */
 323:Generated_Source\PSoC4/cyfitter_cfg.c **** 	CY_SET_REG32((void *)(CYREG_GPIO_PRT4_PC), 0x00000036u);
 453              		.loc 1 323 0
 454 01aa 174B     		ldr	r3, .L14+64
 455 01ac 3622     		movs	r2, #54
 456 01ae 1A60     		str	r2, [r3]
 324:Generated_Source\PSoC4/cyfitter_cfg.c **** 
 325:Generated_Source\PSoC4/cyfitter_cfg.c **** 	/* IOPINS0_5 Starting address: CYDEV_GPIO_PRT5_BASE */
 326:Generated_Source\PSoC4/cyfitter_cfg.c **** 	CY_SET_REG32((void *)(CYREG_GPIO_PRT5_PC), 0x00000036u);
 457              		.loc 1 326 0
 458 01b0 164B     		ldr	r3, .L14+68
 459 01b2 3622     		movs	r2, #54
 460 01b4 1A60     		str	r2, [r3]
 327:Generated_Source\PSoC4/cyfitter_cfg.c **** 
 328:Generated_Source\PSoC4/cyfitter_cfg.c **** 
 329:Generated_Source\PSoC4/cyfitter_cfg.c **** 	/* Setup clocks based on selections from Clock DWR */
 330:Generated_Source\PSoC4/cyfitter_cfg.c **** 	ClockSetup();
 461              		.loc 1 330 0
 462 01b6 FFF723FF 		bl	ClockSetup
 331:Generated_Source\PSoC4/cyfitter_cfg.c **** 
 332:Generated_Source\PSoC4/cyfitter_cfg.c **** 	/* Perform basic analog initialization to defaults */
 333:Generated_Source\PSoC4/cyfitter_cfg.c **** 	AnalogSetDefault();
 463              		.loc 1 333 0
ARM GAS  C:\Users\13740\AppData\Local\Temp\cc469Tvx.s 			page 15


 464 01ba FFF7FEFF 		bl	AnalogSetDefault
 334:Generated_Source\PSoC4/cyfitter_cfg.c **** 
 335:Generated_Source\PSoC4/cyfitter_cfg.c **** }
 465              		.loc 1 335 0
 466 01be C046     		nop
 467 01c0 BD46     		mov	sp, r7
 468 01c2 02B0     		add	sp, sp, #8
 469              		@ sp needed
 470 01c4 80BD     		pop	{r7, pc}
 471              	.L15:
 472 01c6 C046     		.align	2
 473              	.L14:
 474 01c8 6CF02E40 		.word	1076818028
 475 01cc 00000000 		.word	cfg_memset_list.4896
 476 01d0 00000240 		.word	1073872896
 477 01d4 00500F40 		.word	1074745344
 478 01d8 10500F40 		.word	1074745360
 479 01dc 30500F40 		.word	1074745392
 480 01e0 00700F40 		.word	1074753536
 481 01e4 00000440 		.word	1074003968
 482 01e8 08000440 		.word	1074003976
 483 01ec 00E0D800 		.word	14213120
 484 01f0 00010440 		.word	1074004224
 485 01f4 08010440 		.word	1074004232
 486 01f8 0020DB00 		.word	14360576
 487 01fc 0C010440 		.word	1074004236
 488 0200 08030440 		.word	1074004744
 489 0204 00903800 		.word	3706880
 490 0208 08040440 		.word	1074005000
 491 020c 08050440 		.word	1074005256
 492              		.cfi_endproc
 493              	.LFE7:
 494              		.size	cyfitter_cfg, .-cyfitter_cfg
 495              		.section	.rodata
 496              		.align	2
 497              		.type	cfg_memset_list.4896, %object
 498              		.size	cfg_memset_list.4896, 12
 499              	cfg_memset_list.4896:
 500 0000 00300F40 		.word	1074737152
 501 0004 0004     		.short	1024
 502 0006 00400F40 		.4byte	1074741248
 503 000a 0004     		.short	1024
 504              		.text
 505              	.Letext0:
 506              		.file 2 "f:\\infineon\\psoc creator\\4.4\\psoc creator\\import\\gnu\\arm\\5.4.1\\lib\\gcc\\arm-non
 507              		.file 3 "Generated_Source\\PSoC4\\cytypes.h"
 508              		.section	.debug_info,"",%progbits
 509              	.Ldebug_info0:
 510 0000 55020000 		.4byte	0x255
 511 0004 0400     		.2byte	0x4
 512 0006 00000000 		.4byte	.Ldebug_abbrev0
 513 000a 04       		.byte	0x4
 514 000b 01       		.uleb128 0x1
 515 000c 83000000 		.4byte	.LASF30
 516 0010 0C       		.byte	0xc
 517 0011 EF010000 		.4byte	.LASF31
 518 0015 26010000 		.4byte	.LASF32
ARM GAS  C:\Users\13740\AppData\Local\Temp\cc469Tvx.s 			page 16


 519 0019 00000000 		.4byte	.Ldebug_ranges0+0
 520 001d 00000000 		.4byte	0
 521 0021 00000000 		.4byte	.Ldebug_line0
 522 0025 02       		.uleb128 0x2
 523 0026 04       		.byte	0x4
 524 0027 05       		.byte	0x5
 525 0028 696E7400 		.ascii	"int\000"
 526 002c 03       		.uleb128 0x3
 527 002d 06000000 		.4byte	.LASF12
 528 0031 02       		.byte	0x2
 529 0032 D8       		.byte	0xd8
 530 0033 37000000 		.4byte	0x37
 531 0037 04       		.uleb128 0x4
 532 0038 04       		.byte	0x4
 533 0039 07       		.byte	0x7
 534 003a 6F010000 		.4byte	.LASF0
 535 003e 04       		.uleb128 0x4
 536 003f 08       		.byte	0x8
 537 0040 05       		.byte	0x5
 538 0041 B1010000 		.4byte	.LASF1
 539 0045 04       		.uleb128 0x4
 540 0046 08       		.byte	0x8
 541 0047 04       		.byte	0x4
 542 0048 D7010000 		.4byte	.LASF2
 543 004c 04       		.uleb128 0x4
 544 004d 01       		.byte	0x1
 545 004e 06       		.byte	0x6
 546 004f E3010000 		.4byte	.LASF3
 547 0053 04       		.uleb128 0x4
 548 0054 01       		.byte	0x1
 549 0055 08       		.byte	0x8
 550 0056 11010000 		.4byte	.LASF4
 551 005a 04       		.uleb128 0x4
 552 005b 02       		.byte	0x2
 553 005c 05       		.byte	0x5
 554 005d C4010000 		.4byte	.LASF5
 555 0061 04       		.uleb128 0x4
 556 0062 02       		.byte	0x2
 557 0063 07       		.byte	0x7
 558 0064 39000000 		.4byte	.LASF6
 559 0068 04       		.uleb128 0x4
 560 0069 04       		.byte	0x4
 561 006a 05       		.byte	0x5
 562 006b CE010000 		.4byte	.LASF7
 563 006f 04       		.uleb128 0x4
 564 0070 04       		.byte	0x4
 565 0071 07       		.byte	0x7
 566 0072 61000000 		.4byte	.LASF8
 567 0076 04       		.uleb128 0x4
 568 0077 08       		.byte	0x8
 569 0078 07       		.byte	0x7
 570 0079 84010000 		.4byte	.LASF9
 571 007d 04       		.uleb128 0x4
 572 007e 04       		.byte	0x4
 573 007f 07       		.byte	0x7
 574 0080 A8010000 		.4byte	.LASF10
 575 0084 05       		.uleb128 0x5
ARM GAS  C:\Users\13740\AppData\Local\Temp\cc469Tvx.s 			page 17


 576 0085 04       		.byte	0x4
 577 0086 04       		.uleb128 0x4
 578 0087 01       		.byte	0x1
 579 0088 08       		.byte	0x8
 580 0089 BF010000 		.4byte	.LASF11
 581 008d 06       		.uleb128 0x6
 582 008e 73000000 		.4byte	.LASF13
 583 0092 03       		.byte	0x3
 584 0093 D201     		.2byte	0x1d2
 585 0095 53000000 		.4byte	0x53
 586 0099 06       		.uleb128 0x6
 587 009a 61010000 		.4byte	.LASF14
 588 009e 03       		.byte	0x3
 589 009f D301     		.2byte	0x1d3
 590 00a1 61000000 		.4byte	0x61
 591 00a5 06       		.uleb128 0x6
 592 00a6 68010000 		.4byte	.LASF15
 593 00aa 03       		.byte	0x3
 594 00ab D401     		.2byte	0x1d4
 595 00ad 6F000000 		.4byte	0x6f
 596 00b1 04       		.uleb128 0x4
 597 00b2 04       		.byte	0x4
 598 00b3 04       		.byte	0x4
 599 00b4 4C000000 		.4byte	.LASF16
 600 00b8 04       		.uleb128 0x4
 601 00b9 08       		.byte	0x8
 602 00ba 04       		.byte	0x4
 603 00bb 1F010000 		.4byte	.LASF17
 604 00bf 06       		.uleb128 0x6
 605 00c0 5C000000 		.4byte	.LASF18
 606 00c4 03       		.byte	0x3
 607 00c5 7C02     		.2byte	0x27c
 608 00c7 CB000000 		.4byte	0xcb
 609 00cb 07       		.uleb128 0x7
 610 00cc 8D000000 		.4byte	0x8d
 611 00d0 06       		.uleb128 0x6
 612 00d1 00000000 		.4byte	.LASF19
 613 00d5 03       		.byte	0x3
 614 00d6 7E02     		.2byte	0x27e
 615 00d8 DC000000 		.4byte	0xdc
 616 00dc 07       		.uleb128 0x7
 617 00dd A5000000 		.4byte	0xa5
 618 00e1 08       		.uleb128 0x8
 619 00e2 79000000 		.4byte	.LASF20
 620 00e6 01       		.byte	0x1
 621 00e7 4C       		.byte	0x4c
 622 00e8 00000000 		.4byte	.LFB2
 623 00ec 1E000000 		.4byte	.LFE2-.LFB2
 624 00f0 01       		.uleb128 0x1
 625 00f1 9C       		.byte	0x9c
 626 00f2 0F010000 		.4byte	0x10f
 627 00f6 09       		.uleb128 0x9
 628 00f7 7300     		.ascii	"s\000"
 629 00f9 01       		.byte	0x1
 630 00fa 4C       		.byte	0x4c
 631 00fb 84000000 		.4byte	0x84
 632 00ff 02       		.uleb128 0x2
ARM GAS  C:\Users\13740\AppData\Local\Temp\cc469Tvx.s 			page 18


 633 0100 91       		.byte	0x91
 634 0101 74       		.sleb128 -12
 635 0102 09       		.uleb128 0x9
 636 0103 6E00     		.ascii	"n\000"
 637 0105 01       		.byte	0x1
 638 0106 4C       		.byte	0x4c
 639 0107 2C000000 		.4byte	0x2c
 640 010b 02       		.uleb128 0x2
 641 010c 91       		.byte	0x91
 642 010d 70       		.sleb128 -16
 643 010e 00       		.byte	0
 644 010f 08       		.uleb128 0x8
 645 0110 25020000 		.4byte	.LASF21
 646 0114 01       		.byte	0x1
 647 0115 53       		.byte	0x53
 648 0116 00000000 		.4byte	.LFB3
 649 011a 20000000 		.4byte	.LFE3-.LFB3
 650 011e 01       		.uleb128 0x1
 651 011f 9C       		.byte	0x9c
 652 0120 4D010000 		.4byte	0x14d
 653 0124 0A       		.uleb128 0xa
 654 0125 52000000 		.4byte	.LASF22
 655 0129 01       		.byte	0x1
 656 012a 53       		.byte	0x53
 657 012b 84000000 		.4byte	0x84
 658 012f 02       		.uleb128 0x2
 659 0130 91       		.byte	0x91
 660 0131 74       		.sleb128 -12
 661 0132 09       		.uleb128 0x9
 662 0133 73726300 		.ascii	"src\000"
 663 0137 01       		.byte	0x1
 664 0138 53       		.byte	0x53
 665 0139 4D010000 		.4byte	0x14d
 666 013d 02       		.uleb128 0x2
 667 013e 91       		.byte	0x91
 668 013f 70       		.sleb128 -16
 669 0140 09       		.uleb128 0x9
 670 0141 6E00     		.ascii	"n\000"
 671 0143 01       		.byte	0x1
 672 0144 53       		.byte	0x53
 673 0145 2C000000 		.4byte	0x2c
 674 0149 02       		.uleb128 0x2
 675 014a 91       		.byte	0x91
 676 014b 6C       		.sleb128 -20
 677 014c 00       		.byte	0
 678 014d 0B       		.uleb128 0xb
 679 014e 04       		.byte	0x4
 680 014f 53010000 		.4byte	0x153
 681 0153 0C       		.uleb128 0xc
 682 0154 08       		.uleb128 0x8
 683 0155 15020000 		.4byte	.LASF23
 684 0159 01       		.byte	0x1
 685 015a 5A       		.byte	0x5a
 686 015b 00000000 		.4byte	.LFB4
 687 015f 20000000 		.4byte	.LFE4-.LFB4
 688 0163 01       		.uleb128 0x1
 689 0164 9C       		.byte	0x9c
ARM GAS  C:\Users\13740\AppData\Local\Temp\cc469Tvx.s 			page 19


 690 0165 92010000 		.4byte	0x192
 691 0169 0A       		.uleb128 0xa
 692 016a 52000000 		.4byte	.LASF22
 693 016e 01       		.byte	0x1
 694 016f 5A       		.byte	0x5a
 695 0170 84000000 		.4byte	0x84
 696 0174 02       		.uleb128 0x2
 697 0175 91       		.byte	0x91
 698 0176 74       		.sleb128 -12
 699 0177 09       		.uleb128 0x9
 700 0178 73726300 		.ascii	"src\000"
 701 017c 01       		.byte	0x1
 702 017d 5A       		.byte	0x5a
 703 017e 4D010000 		.4byte	0x14d
 704 0182 02       		.uleb128 0x2
 705 0183 91       		.byte	0x91
 706 0184 70       		.sleb128 -16
 707 0185 09       		.uleb128 0x9
 708 0186 6E00     		.ascii	"n\000"
 709 0188 01       		.byte	0x1
 710 0189 5A       		.byte	0x5a
 711 018a 2C000000 		.4byte	0x2c
 712 018e 02       		.uleb128 0x2
 713 018f 91       		.byte	0x91
 714 0190 6C       		.sleb128 -20
 715 0191 00       		.byte	0
 716 0192 0D       		.uleb128 0xd
 717 0193 2E000000 		.4byte	.LASF24
 718 0197 01       		.byte	0x1
 719 0198 AA       		.byte	0xaa
 720 0199 00000000 		.4byte	.LFB5
 721 019d F0000000 		.4byte	.LFE5-.LFB5
 722 01a1 01       		.uleb128 0x1
 723 01a2 9C       		.byte	0x9c
 724 01a3 0E       		.uleb128 0xe
 725 01a4 0D000000 		.4byte	.LASF25
 726 01a8 01       		.byte	0x1
 727 01a9 ED       		.byte	0xed
 728 01aa 00000000 		.4byte	.LFB6
 729 01ae 28000000 		.4byte	.LFE6-.LFB6
 730 01b2 01       		.uleb128 0x1
 731 01b3 9C       		.byte	0x9c
 732 01b4 0F       		.uleb128 0xf
 733 01b5 54010000 		.4byte	.LASF33
 734 01b9 01       		.byte	0x1
 735 01ba 0801     		.2byte	0x108
 736 01bc F0000000 		.4byte	.LFB7
 737 01c0 20010000 		.4byte	.LFE7-.LFB7
 738 01c4 01       		.uleb128 0x1
 739 01c5 9C       		.byte	0x9c
 740 01c6 10       		.uleb128 0x10
 741 01c7 FE000000 		.4byte	.LBB2
 742 01cb 86000000 		.4byte	.LBE2-.LBB2
 743 01cf 11       		.uleb128 0x11
 744 01d0 06       		.byte	0x6
 745 01d1 01       		.byte	0x1
 746 01d2 1101     		.2byte	0x111
ARM GAS  C:\Users\13740\AppData\Local\Temp\cc469Tvx.s 			page 20


 747 01d4 F3010000 		.4byte	0x1f3
 748 01d8 12       		.uleb128 0x12
 749 01d9 7C010000 		.4byte	.LASF26
 750 01dd 01       		.byte	0x1
 751 01de 1201     		.2byte	0x112
 752 01e0 84000000 		.4byte	0x84
 753 01e4 00       		.byte	0
 754 01e5 12       		.uleb128 0x12
 755 01e6 57000000 		.4byte	.LASF27
 756 01ea 01       		.byte	0x1
 757 01eb 1301     		.2byte	0x113
 758 01ed 99000000 		.4byte	0x99
 759 01f1 04       		.byte	0x4
 760 01f2 00       		.byte	0
 761 01f3 06       		.uleb128 0x6
 762 01f4 9B010000 		.4byte	.LASF28
 763 01f8 01       		.byte	0x1
 764 01f9 1401     		.2byte	0x114
 765 01fb CF010000 		.4byte	0x1cf
 766 01ff 13       		.uleb128 0x13
 767 0200 0F020000 		.4byte	0x20f
 768 0204 0F020000 		.4byte	0x20f
 769 0208 14       		.uleb128 0x14
 770 0209 7D000000 		.4byte	0x7d
 771 020d 01       		.byte	0x1
 772 020e 00       		.byte	0
 773 020f 15       		.uleb128 0x15
 774 0210 F3010000 		.4byte	0x1f3
 775 0214 16       		.uleb128 0x16
 776 0215 1E000000 		.4byte	.LASF29
 777 0219 01       		.byte	0x1
 778 021a 1601     		.2byte	0x116
 779 021c 26020000 		.4byte	0x226
 780 0220 05       		.uleb128 0x5
 781 0221 03       		.byte	0x3
 782 0222 00000000 		.4byte	cfg_memset_list.4896
 783 0226 15       		.uleb128 0x15
 784 0227 FF010000 		.4byte	0x1ff
 785 022b 17       		.uleb128 0x17
 786 022c 6900     		.ascii	"i\000"
 787 022e 01       		.byte	0x1
 788 022f 1C01     		.2byte	0x11c
 789 0231 8D000000 		.4byte	0x8d
 790 0235 02       		.uleb128 0x2
 791 0236 91       		.byte	0x91
 792 0237 77       		.sleb128 -9
 793 0238 10       		.uleb128 0x10
 794 0239 06010000 		.4byte	.LBB3
 795 023d 3C000000 		.4byte	.LBE3-.LBB3
 796 0241 17       		.uleb128 0x17
 797 0242 6D7300   		.ascii	"ms\000"
 798 0245 01       		.byte	0x1
 799 0246 2101     		.2byte	0x121
 800 0248 4F020000 		.4byte	0x24f
 801 024c 02       		.uleb128 0x2
 802 024d 91       		.byte	0x91
 803 024e 70       		.sleb128 -16
ARM GAS  C:\Users\13740\AppData\Local\Temp\cc469Tvx.s 			page 21


 804 024f 0B       		.uleb128 0xb
 805 0250 04       		.byte	0x4
 806 0251 0F020000 		.4byte	0x20f
 807 0255 00       		.byte	0
 808 0256 00       		.byte	0
 809 0257 00       		.byte	0
 810 0258 00       		.byte	0
 811              		.section	.debug_abbrev,"",%progbits
 812              	.Ldebug_abbrev0:
 813 0000 01       		.uleb128 0x1
 814 0001 11       		.uleb128 0x11
 815 0002 01       		.byte	0x1
 816 0003 25       		.uleb128 0x25
 817 0004 0E       		.uleb128 0xe
 818 0005 13       		.uleb128 0x13
 819 0006 0B       		.uleb128 0xb
 820 0007 03       		.uleb128 0x3
 821 0008 0E       		.uleb128 0xe
 822 0009 1B       		.uleb128 0x1b
 823 000a 0E       		.uleb128 0xe
 824 000b 55       		.uleb128 0x55
 825 000c 17       		.uleb128 0x17
 826 000d 11       		.uleb128 0x11
 827 000e 01       		.uleb128 0x1
 828 000f 10       		.uleb128 0x10
 829 0010 17       		.uleb128 0x17
 830 0011 00       		.byte	0
 831 0012 00       		.byte	0
 832 0013 02       		.uleb128 0x2
 833 0014 24       		.uleb128 0x24
 834 0015 00       		.byte	0
 835 0016 0B       		.uleb128 0xb
 836 0017 0B       		.uleb128 0xb
 837 0018 3E       		.uleb128 0x3e
 838 0019 0B       		.uleb128 0xb
 839 001a 03       		.uleb128 0x3
 840 001b 08       		.uleb128 0x8
 841 001c 00       		.byte	0
 842 001d 00       		.byte	0
 843 001e 03       		.uleb128 0x3
 844 001f 16       		.uleb128 0x16
 845 0020 00       		.byte	0
 846 0021 03       		.uleb128 0x3
 847 0022 0E       		.uleb128 0xe
 848 0023 3A       		.uleb128 0x3a
 849 0024 0B       		.uleb128 0xb
 850 0025 3B       		.uleb128 0x3b
 851 0026 0B       		.uleb128 0xb
 852 0027 49       		.uleb128 0x49
 853 0028 13       		.uleb128 0x13
 854 0029 00       		.byte	0
 855 002a 00       		.byte	0
 856 002b 04       		.uleb128 0x4
 857 002c 24       		.uleb128 0x24
 858 002d 00       		.byte	0
 859 002e 0B       		.uleb128 0xb
 860 002f 0B       		.uleb128 0xb
ARM GAS  C:\Users\13740\AppData\Local\Temp\cc469Tvx.s 			page 22


 861 0030 3E       		.uleb128 0x3e
 862 0031 0B       		.uleb128 0xb
 863 0032 03       		.uleb128 0x3
 864 0033 0E       		.uleb128 0xe
 865 0034 00       		.byte	0
 866 0035 00       		.byte	0
 867 0036 05       		.uleb128 0x5
 868 0037 0F       		.uleb128 0xf
 869 0038 00       		.byte	0
 870 0039 0B       		.uleb128 0xb
 871 003a 0B       		.uleb128 0xb
 872 003b 00       		.byte	0
 873 003c 00       		.byte	0
 874 003d 06       		.uleb128 0x6
 875 003e 16       		.uleb128 0x16
 876 003f 00       		.byte	0
 877 0040 03       		.uleb128 0x3
 878 0041 0E       		.uleb128 0xe
 879 0042 3A       		.uleb128 0x3a
 880 0043 0B       		.uleb128 0xb
 881 0044 3B       		.uleb128 0x3b
 882 0045 05       		.uleb128 0x5
 883 0046 49       		.uleb128 0x49
 884 0047 13       		.uleb128 0x13
 885 0048 00       		.byte	0
 886 0049 00       		.byte	0
 887 004a 07       		.uleb128 0x7
 888 004b 35       		.uleb128 0x35
 889 004c 00       		.byte	0
 890 004d 49       		.uleb128 0x49
 891 004e 13       		.uleb128 0x13
 892 004f 00       		.byte	0
 893 0050 00       		.byte	0
 894 0051 08       		.uleb128 0x8
 895 0052 2E       		.uleb128 0x2e
 896 0053 01       		.byte	0x1
 897 0054 03       		.uleb128 0x3
 898 0055 0E       		.uleb128 0xe
 899 0056 3A       		.uleb128 0x3a
 900 0057 0B       		.uleb128 0xb
 901 0058 3B       		.uleb128 0x3b
 902 0059 0B       		.uleb128 0xb
 903 005a 27       		.uleb128 0x27
 904 005b 19       		.uleb128 0x19
 905 005c 11       		.uleb128 0x11
 906 005d 01       		.uleb128 0x1
 907 005e 12       		.uleb128 0x12
 908 005f 06       		.uleb128 0x6
 909 0060 40       		.uleb128 0x40
 910 0061 18       		.uleb128 0x18
 911 0062 9642     		.uleb128 0x2116
 912 0064 19       		.uleb128 0x19
 913 0065 01       		.uleb128 0x1
 914 0066 13       		.uleb128 0x13
 915 0067 00       		.byte	0
 916 0068 00       		.byte	0
 917 0069 09       		.uleb128 0x9
ARM GAS  C:\Users\13740\AppData\Local\Temp\cc469Tvx.s 			page 23


 918 006a 05       		.uleb128 0x5
 919 006b 00       		.byte	0
 920 006c 03       		.uleb128 0x3
 921 006d 08       		.uleb128 0x8
 922 006e 3A       		.uleb128 0x3a
 923 006f 0B       		.uleb128 0xb
 924 0070 3B       		.uleb128 0x3b
 925 0071 0B       		.uleb128 0xb
 926 0072 49       		.uleb128 0x49
 927 0073 13       		.uleb128 0x13
 928 0074 02       		.uleb128 0x2
 929 0075 18       		.uleb128 0x18
 930 0076 00       		.byte	0
 931 0077 00       		.byte	0
 932 0078 0A       		.uleb128 0xa
 933 0079 05       		.uleb128 0x5
 934 007a 00       		.byte	0
 935 007b 03       		.uleb128 0x3
 936 007c 0E       		.uleb128 0xe
 937 007d 3A       		.uleb128 0x3a
 938 007e 0B       		.uleb128 0xb
 939 007f 3B       		.uleb128 0x3b
 940 0080 0B       		.uleb128 0xb
 941 0081 49       		.uleb128 0x49
 942 0082 13       		.uleb128 0x13
 943 0083 02       		.uleb128 0x2
 944 0084 18       		.uleb128 0x18
 945 0085 00       		.byte	0
 946 0086 00       		.byte	0
 947 0087 0B       		.uleb128 0xb
 948 0088 0F       		.uleb128 0xf
 949 0089 00       		.byte	0
 950 008a 0B       		.uleb128 0xb
 951 008b 0B       		.uleb128 0xb
 952 008c 49       		.uleb128 0x49
 953 008d 13       		.uleb128 0x13
 954 008e 00       		.byte	0
 955 008f 00       		.byte	0
 956 0090 0C       		.uleb128 0xc
 957 0091 26       		.uleb128 0x26
 958 0092 00       		.byte	0
 959 0093 00       		.byte	0
 960 0094 00       		.byte	0
 961 0095 0D       		.uleb128 0xd
 962 0096 2E       		.uleb128 0x2e
 963 0097 00       		.byte	0
 964 0098 03       		.uleb128 0x3
 965 0099 0E       		.uleb128 0xe
 966 009a 3A       		.uleb128 0x3a
 967 009b 0B       		.uleb128 0xb
 968 009c 3B       		.uleb128 0x3b
 969 009d 0B       		.uleb128 0xb
 970 009e 27       		.uleb128 0x27
 971 009f 19       		.uleb128 0x19
 972 00a0 11       		.uleb128 0x11
 973 00a1 01       		.uleb128 0x1
 974 00a2 12       		.uleb128 0x12
ARM GAS  C:\Users\13740\AppData\Local\Temp\cc469Tvx.s 			page 24


 975 00a3 06       		.uleb128 0x6
 976 00a4 40       		.uleb128 0x40
 977 00a5 18       		.uleb128 0x18
 978 00a6 9642     		.uleb128 0x2116
 979 00a8 19       		.uleb128 0x19
 980 00a9 00       		.byte	0
 981 00aa 00       		.byte	0
 982 00ab 0E       		.uleb128 0xe
 983 00ac 2E       		.uleb128 0x2e
 984 00ad 00       		.byte	0
 985 00ae 03       		.uleb128 0x3
 986 00af 0E       		.uleb128 0xe
 987 00b0 3A       		.uleb128 0x3a
 988 00b1 0B       		.uleb128 0xb
 989 00b2 3B       		.uleb128 0x3b
 990 00b3 0B       		.uleb128 0xb
 991 00b4 27       		.uleb128 0x27
 992 00b5 19       		.uleb128 0x19
 993 00b6 11       		.uleb128 0x11
 994 00b7 01       		.uleb128 0x1
 995 00b8 12       		.uleb128 0x12
 996 00b9 06       		.uleb128 0x6
 997 00ba 40       		.uleb128 0x40
 998 00bb 18       		.uleb128 0x18
 999 00bc 9742     		.uleb128 0x2117
 1000 00be 19       		.uleb128 0x19
 1001 00bf 00       		.byte	0
 1002 00c0 00       		.byte	0
 1003 00c1 0F       		.uleb128 0xf
 1004 00c2 2E       		.uleb128 0x2e
 1005 00c3 01       		.byte	0x1
 1006 00c4 3F       		.uleb128 0x3f
 1007 00c5 19       		.uleb128 0x19
 1008 00c6 03       		.uleb128 0x3
 1009 00c7 0E       		.uleb128 0xe
 1010 00c8 3A       		.uleb128 0x3a
 1011 00c9 0B       		.uleb128 0xb
 1012 00ca 3B       		.uleb128 0x3b
 1013 00cb 05       		.uleb128 0x5
 1014 00cc 27       		.uleb128 0x27
 1015 00cd 19       		.uleb128 0x19
 1016 00ce 11       		.uleb128 0x11
 1017 00cf 01       		.uleb128 0x1
 1018 00d0 12       		.uleb128 0x12
 1019 00d1 06       		.uleb128 0x6
 1020 00d2 40       		.uleb128 0x40
 1021 00d3 18       		.uleb128 0x18
 1022 00d4 9642     		.uleb128 0x2116
 1023 00d6 19       		.uleb128 0x19
 1024 00d7 00       		.byte	0
 1025 00d8 00       		.byte	0
 1026 00d9 10       		.uleb128 0x10
 1027 00da 0B       		.uleb128 0xb
 1028 00db 01       		.byte	0x1
 1029 00dc 11       		.uleb128 0x11
 1030 00dd 01       		.uleb128 0x1
 1031 00de 12       		.uleb128 0x12
ARM GAS  C:\Users\13740\AppData\Local\Temp\cc469Tvx.s 			page 25


 1032 00df 06       		.uleb128 0x6
 1033 00e0 00       		.byte	0
 1034 00e1 00       		.byte	0
 1035 00e2 11       		.uleb128 0x11
 1036 00e3 13       		.uleb128 0x13
 1037 00e4 01       		.byte	0x1
 1038 00e5 0B       		.uleb128 0xb
 1039 00e6 0B       		.uleb128 0xb
 1040 00e7 3A       		.uleb128 0x3a
 1041 00e8 0B       		.uleb128 0xb
 1042 00e9 3B       		.uleb128 0x3b
 1043 00ea 05       		.uleb128 0x5
 1044 00eb 01       		.uleb128 0x1
 1045 00ec 13       		.uleb128 0x13
 1046 00ed 00       		.byte	0
 1047 00ee 00       		.byte	0
 1048 00ef 12       		.uleb128 0x12
 1049 00f0 0D       		.uleb128 0xd
 1050 00f1 00       		.byte	0
 1051 00f2 03       		.uleb128 0x3
 1052 00f3 0E       		.uleb128 0xe
 1053 00f4 3A       		.uleb128 0x3a
 1054 00f5 0B       		.uleb128 0xb
 1055 00f6 3B       		.uleb128 0x3b
 1056 00f7 05       		.uleb128 0x5
 1057 00f8 49       		.uleb128 0x49
 1058 00f9 13       		.uleb128 0x13
 1059 00fa 38       		.uleb128 0x38
 1060 00fb 0B       		.uleb128 0xb
 1061 00fc 00       		.byte	0
 1062 00fd 00       		.byte	0
 1063 00fe 13       		.uleb128 0x13
 1064 00ff 01       		.uleb128 0x1
 1065 0100 01       		.byte	0x1
 1066 0101 49       		.uleb128 0x49
 1067 0102 13       		.uleb128 0x13
 1068 0103 01       		.uleb128 0x1
 1069 0104 13       		.uleb128 0x13
 1070 0105 00       		.byte	0
 1071 0106 00       		.byte	0
 1072 0107 14       		.uleb128 0x14
 1073 0108 21       		.uleb128 0x21
 1074 0109 00       		.byte	0
 1075 010a 49       		.uleb128 0x49
 1076 010b 13       		.uleb128 0x13
 1077 010c 2F       		.uleb128 0x2f
 1078 010d 0B       		.uleb128 0xb
 1079 010e 00       		.byte	0
 1080 010f 00       		.byte	0
 1081 0110 15       		.uleb128 0x15
 1082 0111 26       		.uleb128 0x26
 1083 0112 00       		.byte	0
 1084 0113 49       		.uleb128 0x49
 1085 0114 13       		.uleb128 0x13
 1086 0115 00       		.byte	0
 1087 0116 00       		.byte	0
 1088 0117 16       		.uleb128 0x16
ARM GAS  C:\Users\13740\AppData\Local\Temp\cc469Tvx.s 			page 26


 1089 0118 34       		.uleb128 0x34
 1090 0119 00       		.byte	0
 1091 011a 03       		.uleb128 0x3
 1092 011b 0E       		.uleb128 0xe
 1093 011c 3A       		.uleb128 0x3a
 1094 011d 0B       		.uleb128 0xb
 1095 011e 3B       		.uleb128 0x3b
 1096 011f 05       		.uleb128 0x5
 1097 0120 49       		.uleb128 0x49
 1098 0121 13       		.uleb128 0x13
 1099 0122 02       		.uleb128 0x2
 1100 0123 18       		.uleb128 0x18
 1101 0124 00       		.byte	0
 1102 0125 00       		.byte	0
 1103 0126 17       		.uleb128 0x17
 1104 0127 34       		.uleb128 0x34
 1105 0128 00       		.byte	0
 1106 0129 03       		.uleb128 0x3
 1107 012a 08       		.uleb128 0x8
 1108 012b 3A       		.uleb128 0x3a
 1109 012c 0B       		.uleb128 0xb
 1110 012d 3B       		.uleb128 0x3b
 1111 012e 05       		.uleb128 0x5
 1112 012f 49       		.uleb128 0x49
 1113 0130 13       		.uleb128 0x13
 1114 0131 02       		.uleb128 0x2
 1115 0132 18       		.uleb128 0x18
 1116 0133 00       		.byte	0
 1117 0134 00       		.byte	0
 1118 0135 00       		.byte	0
 1119              		.section	.debug_aranges,"",%progbits
 1120 0000 44000000 		.4byte	0x44
 1121 0004 0200     		.2byte	0x2
 1122 0006 00000000 		.4byte	.Ldebug_info0
 1123 000a 04       		.byte	0x4
 1124 000b 00       		.byte	0
 1125 000c 0000     		.2byte	0
 1126 000e 0000     		.2byte	0
 1127 0010 00000000 		.4byte	.LFB2
 1128 0014 1E000000 		.4byte	.LFE2-.LFB2
 1129 0018 00000000 		.4byte	.LFB3
 1130 001c 20000000 		.4byte	.LFE3-.LFB3
 1131 0020 00000000 		.4byte	.LFB4
 1132 0024 20000000 		.4byte	.LFE4-.LFB4
 1133 0028 00000000 		.4byte	.LFB5
 1134 002c F0000000 		.4byte	.LFE5-.LFB5
 1135 0030 00000000 		.4byte	.LFB6
 1136 0034 28000000 		.4byte	.LFE6-.LFB6
 1137 0038 F0000000 		.4byte	.LFB7
 1138 003c 20010000 		.4byte	.LFE7-.LFB7
 1139 0040 00000000 		.4byte	0
 1140 0044 00000000 		.4byte	0
 1141              		.section	.debug_ranges,"",%progbits
 1142              	.Ldebug_ranges0:
 1143 0000 00000000 		.4byte	.LFB2
 1144 0004 1E000000 		.4byte	.LFE2
 1145 0008 00000000 		.4byte	.LFB3
ARM GAS  C:\Users\13740\AppData\Local\Temp\cc469Tvx.s 			page 27


 1146 000c 20000000 		.4byte	.LFE3
 1147 0010 00000000 		.4byte	.LFB4
 1148 0014 20000000 		.4byte	.LFE4
 1149 0018 00000000 		.4byte	.LFB5
 1150 001c F0000000 		.4byte	.LFE5
 1151 0020 00000000 		.4byte	.LFB6
 1152 0024 28000000 		.4byte	.LFE6
 1153 0028 F0000000 		.4byte	.LFB7
 1154 002c 10020000 		.4byte	.LFE7
 1155 0030 00000000 		.4byte	0
 1156 0034 00000000 		.4byte	0
 1157              		.section	.debug_line,"",%progbits
 1158              	.Ldebug_line0:
 1159 0000 66010000 		.section	.debug_str,"MS",%progbits,1
 1159      0200B800 
 1159      00000201 
 1159      FB0E0D00 
 1159      01010101 
 1160              	.LASF19:
 1161 0000 72656733 		.ascii	"reg32\000"
 1161      3200
 1162              	.LASF12:
 1163 0006 73697A65 		.ascii	"size_t\000"
 1163      5F7400
 1164              	.LASF25:
 1165 000d 416E616C 		.ascii	"AnalogSetDefault\000"
 1165      6F675365 
 1165      74446566 
 1165      61756C74 
 1165      00
 1166              	.LASF29:
 1167 001e 6366675F 		.ascii	"cfg_memset_list\000"
 1167      6D656D73 
 1167      65745F6C 
 1167      69737400 
 1168              	.LASF24:
 1169 002e 436C6F63 		.ascii	"ClockSetup\000"
 1169      6B536574 
 1169      757000
 1170              	.LASF6:
 1171 0039 73686F72 		.ascii	"short unsigned int\000"
 1171      7420756E 
 1171      7369676E 
 1171      65642069 
 1171      6E7400
 1172              	.LASF16:
 1173 004c 666C6F61 		.ascii	"float\000"
 1173      7400
 1174              	.LASF22:
 1175 0052 64657374 		.ascii	"dest\000"
 1175      00
 1176              	.LASF27:
 1177 0057 73697A65 		.ascii	"size\000"
 1177      00
 1178              	.LASF18:
 1179 005c 72656738 		.ascii	"reg8\000"
 1179      00
ARM GAS  C:\Users\13740\AppData\Local\Temp\cc469Tvx.s 			page 28


 1180              	.LASF8:
 1181 0061 6C6F6E67 		.ascii	"long unsigned int\000"
 1181      20756E73 
 1181      69676E65 
 1181      6420696E 
 1181      7400
 1182              	.LASF13:
 1183 0073 75696E74 		.ascii	"uint8\000"
 1183      3800
 1184              	.LASF20:
 1185 0079 43594D45 		.ascii	"CYMEMZERO\000"
 1185      4D5A4552 
 1185      4F00
 1186              	.LASF30:
 1187 0083 474E5520 		.ascii	"GNU C11 5.4.1 20160609 (release) [ARM/embedded-5-br"
 1187      43313120 
 1187      352E342E 
 1187      31203230 
 1187      31363036 
 1188 00b6 616E6368 		.ascii	"anch revision 237715] -mcpu=cortex-m0 -mthumb -g -O"
 1188      20726576 
 1188      6973696F 
 1188      6E203233 
 1188      37373135 
 1189 00e9 30202D66 		.ascii	"0 -ffunction-sections -ffat-lto-objects\000"
 1189      66756E63 
 1189      74696F6E 
 1189      2D736563 
 1189      74696F6E 
 1190              	.LASF4:
 1191 0111 756E7369 		.ascii	"unsigned char\000"
 1191      676E6564 
 1191      20636861 
 1191      7200
 1192              	.LASF17:
 1193 011f 646F7562 		.ascii	"double\000"
 1193      6C6500
 1194              	.LASF32:
 1195 0126 453A5C64 		.ascii	"E:\\desktop\\bu\\eda\\Transistor\\Transistor.cydsn\000"
 1195      65736B74 
 1195      6F705C62 
 1195      755C6564 
 1195      615C5472 
 1196              	.LASF33:
 1197 0154 63796669 		.ascii	"cyfitter_cfg\000"
 1197      74746572 
 1197      5F636667 
 1197      00
 1198              	.LASF14:
 1199 0161 75696E74 		.ascii	"uint16\000"
 1199      313600
 1200              	.LASF15:
 1201 0168 75696E74 		.ascii	"uint32\000"
 1201      333200
 1202              	.LASF0:
 1203 016f 756E7369 		.ascii	"unsigned int\000"
 1203      676E6564 
ARM GAS  C:\Users\13740\AppData\Local\Temp\cc469Tvx.s 			page 29


 1203      20696E74 
 1203      00
 1204              	.LASF26:
 1205 017c 61646472 		.ascii	"address\000"
 1205      65737300 
 1206              	.LASF9:
 1207 0184 6C6F6E67 		.ascii	"long long unsigned int\000"
 1207      206C6F6E 
 1207      6720756E 
 1207      7369676E 
 1207      65642069 
 1208              	.LASF28:
 1209 019b 6366675F 		.ascii	"cfg_memset_t\000"
 1209      6D656D73 
 1209      65745F74 
 1209      00
 1210              	.LASF10:
 1211 01a8 73697A65 		.ascii	"sizetype\000"
 1211      74797065 
 1211      00
 1212              	.LASF1:
 1213 01b1 6C6F6E67 		.ascii	"long long int\000"
 1213      206C6F6E 
 1213      6720696E 
 1213      7400
 1214              	.LASF11:
 1215 01bf 63686172 		.ascii	"char\000"
 1215      00
 1216              	.LASF5:
 1217 01c4 73686F72 		.ascii	"short int\000"
 1217      7420696E 
 1217      7400
 1218              	.LASF7:
 1219 01ce 6C6F6E67 		.ascii	"long int\000"
 1219      20696E74 
 1219      00
 1220              	.LASF2:
 1221 01d7 6C6F6E67 		.ascii	"long double\000"
 1221      20646F75 
 1221      626C6500 
 1222              	.LASF3:
 1223 01e3 7369676E 		.ascii	"signed char\000"
 1223      65642063 
 1223      68617200 
 1224              	.LASF31:
 1225 01ef 47656E65 		.ascii	"Generated_Source\\PSoC4\\cyfitter_cfg.c\000"
 1225      72617465 
 1225      645F536F 
 1225      75726365 
 1225      5C50536F 
 1226              	.LASF23:
 1227 0215 4359434F 		.ascii	"CYCONFIGCPYCODE\000"
 1227      4E464947 
 1227      43505943 
 1227      4F444500 
 1228              	.LASF21:
 1229 0225 4359434F 		.ascii	"CYCONFIGCPY\000"
ARM GAS  C:\Users\13740\AppData\Local\Temp\cc469Tvx.s 			page 30


 1229      4E464947 
 1229      43505900 
 1230              		.ident	"GCC: (GNU Tools for ARM Embedded Processors) 5.4.1 20160609 (release) [ARM/embedded-5-bran
