--------------- Build Started: 01/15/2026 14:44:36 Project: Transistor, Configuration: ARM GCC 5.4-2016-q2-update Debug ---------------
cydsfit.exe -.appdatapath "C:\Users\13740\AppData\Local\Cypress Semiconductor\PSoC Creator\4.4" -.fdsnotice -.fdswarpdepfile=warp_dependencies.txt -.fdselabdepfile=elab_dependencies.txt -.fdsbldfile=generated_files.txt -.fdsreffile=referenced_files.txt -p E:\desktop\bu\eda\Transistor\Transistor.cydsn\Transistor.cyprj -d CYBLE-222014-01 -s E:\desktop\bu\eda\Transistor\Transistor.cydsn\Generated_Source\PSoC4 -- -yv2 -q10 -ygs -o2 -v3 -.fftcfgtype=LE
Elaborating Design...
HDL Generation...
Synthesis...
Tech Mapping...
ADD: pft.M0040: information: The following 1 pin(s) will be assigned a location by the fitter: Lowpower_LED(0)
Analog Placement...
Analog Routing...
Analog Code Generation...
Digital Placement...
Digital Routing...
Bitstream Generation...
Bitstream Verification...
Static timing analysis...
API Generation...
Dependency Generation...
Cleanup...
Unable to add item 'Lowpower_LED' to 'PSoC4'. 'A file of the given name already exists. Please enter a valid name.'
Unable to add item 'Lowpower_LED' to 'PSoC4'. 'A file of the given name already exists. Please enter a valid name.'
Unable to add item 'Lowpower_LED' to 'PSoC4'. 'A file of the given name already exists. Please enter a valid name.'
Unable to add item 'Lowpower_LED' to 'PSoC4'. 'A file of the given name already exists. Please enter a valid name.'
--------------- Build Succeeded: 01/15/2026 14:45:47 ---------------
